CRITICAL - 2023-01-12 11:45:10 --> Undefined array key 0
#0 /var/www/tic.soporte.com/app/Controllers/Home.php(242): CodeIgniter\Debug\Exceptions->errorHandler()
#1 /var/www/tic.soporte.com/system/CodeIgniter.php(825): App\Controllers\Home->bag()
#2 /var/www/tic.soporte.com/system/CodeIgniter.php(412): CodeIgniter\CodeIgniter->runController()
#3 /var/www/tic.soporte.com/system/CodeIgniter.php(320): CodeIgniter\CodeIgniter->handleRequest()
#4 /var/www/tic.soporte.com/public/index.php(37): CodeIgniter\CodeIgniter->run()
#5 {main}
CRITICAL - 2023-01-12 11:46:27 --> Array to string conversion
#0 /var/www/tic.soporte.com/app/Controllers/Home.php(243): CodeIgniter\Debug\Exceptions->errorHandler()
#1 /var/www/tic.soporte.com/system/CodeIgniter.php(825): App\Controllers\Home->bag()
#2 /var/www/tic.soporte.com/system/CodeIgniter.php(412): CodeIgniter\CodeIgniter->runController()
#3 /var/www/tic.soporte.com/system/CodeIgniter.php(320): CodeIgniter\CodeIgniter->handleRequest()
#4 /var/www/tic.soporte.com/public/index.php(37): CodeIgniter\CodeIgniter->run()
#5 {main}
CRITICAL - 2023-01-12 11:51:32 --> Attempt to read property "key" on array
#0 /var/www/tic.soporte.com/app/Controllers/Home.php(242): CodeIgniter\Debug\Exceptions->errorHandler()
#1 /var/www/tic.soporte.com/system/CodeIgniter.php(825): App\Controllers\Home->bag()
#2 /var/www/tic.soporte.com/system/CodeIgniter.php(412): CodeIgniter\CodeIgniter->runController()
#3 /var/www/tic.soporte.com/system/CodeIgniter.php(320): CodeIgniter\CodeIgniter->handleRequest()
#4 /var/www/tic.soporte.com/public/index.php(37): CodeIgniter\CodeIgniter->run()
#5 {main}
CRITICAL - 2023-01-12 11:56:07 --> Undefined array key 0
#0 /var/www/tic.soporte.com/app/Controllers/Home.php(244): CodeIgniter\Debug\Exceptions->errorHandler()
#1 /var/www/tic.soporte.com/system/CodeIgniter.php(825): App\Controllers\Home->bag()
#2 /var/www/tic.soporte.com/system/CodeIgniter.php(412): CodeIgniter\CodeIgniter->runController()
#3 /var/www/tic.soporte.com/system/CodeIgniter.php(320): CodeIgniter\CodeIgniter->handleRequest()
#4 /var/www/tic.soporte.com/public/index.php(37): CodeIgniter\CodeIgniter->run()
#5 {main}
CRITICAL - 2023-01-12 11:57:52 --> Attempt to read property "id" on array
#0 /var/www/tic.soporte.com/app/Controllers/Home.php(243): CodeIgniter\Debug\Exceptions->errorHandler()
#1 /var/www/tic.soporte.com/system/CodeIgniter.php(825): App\Controllers\Home->bag()
#2 /var/www/tic.soporte.com/system/CodeIgniter.php(412): CodeIgniter\CodeIgniter->runController()
#3 /var/www/tic.soporte.com/system/CodeIgniter.php(320): CodeIgniter\CodeIgniter->handleRequest()
#4 /var/www/tic.soporte.com/public/index.php(37): CodeIgniter\CodeIgniter->run()
#5 {main}
CRITICAL - 2023-01-12 13:07:46 --> Array to string conversion
#0 /var/www/tic.soporte.com/app/Controllers/Home.php(242): CodeIgniter\Debug\Exceptions->errorHandler()
#1 /var/www/tic.soporte.com/system/CodeIgniter.php(825): App\Controllers\Home->bag()
#2 /var/www/tic.soporte.com/system/CodeIgniter.php(412): CodeIgniter\CodeIgniter->runController()
#3 /var/www/tic.soporte.com/system/CodeIgniter.php(320): CodeIgniter\CodeIgniter->handleRequest()
#4 /var/www/tic.soporte.com/public/index.php(37): CodeIgniter\CodeIgniter->run()
#5 {main}
CRITICAL - 2023-01-12 13:08:00 --> foreach() argument must be of type array|object, string given
#0 /var/www/tic.soporte.com/app/Controllers/Home.php(243): CodeIgniter\Debug\Exceptions->errorHandler()
#1 /var/www/tic.soporte.com/system/CodeIgniter.php(825): App\Controllers\Home->bag()
#2 /var/www/tic.soporte.com/system/CodeIgniter.php(412): CodeIgniter\CodeIgniter->runController()
#3 /var/www/tic.soporte.com/system/CodeIgniter.php(320): CodeIgniter\CodeIgniter->handleRequest()
#4 /var/www/tic.soporte.com/public/index.php(37): CodeIgniter\CodeIgniter->run()
#5 {main}
