CRITICAL - 2022-12-30 08:24:36 --> Undefined property: stdClass::$id
#0 /srv/CodeIgniter/app/Views/assignments.php(32): CodeIgniter\Debug\Exceptions->errorHandler()
#1 /srv/CodeIgniter/system/View/View.php(210): include('...')
#2 /srv/CodeIgniter/system/View/View.php(213): CodeIgniter\View\View->CodeIgniter\View\{closure}()
#3 /srv/CodeIgniter/system/Common.php(1089): CodeIgniter\View\View->render()
#4 /srv/CodeIgniter/app/Controllers/Home.php(85): view()
#5 /srv/CodeIgniter/system/CodeIgniter.php(825): App\Controllers\Home->listassignments()
#6 /srv/CodeIgniter/system/CodeIgniter.php(412): CodeIgniter\CodeIgniter->runController()
#7 /srv/CodeIgniter/system/CodeIgniter.php(320): CodeIgniter\CodeIgniter->handleRequest()
#8 /srv/CodeIgniter/public/index.php(37): CodeIgniter\CodeIgniter->run()
#9 /srv/CodeIgniter/system/Commands/Server/rewrite.php(43): require_once('...')
#10 {main}
CRITICAL - 2022-12-30 08:26:06 --> Undefined property: stdClass::$id
#0 /srv/CodeIgniter/app/Views/assignments.php(32): CodeIgniter\Debug\Exceptions->errorHandler()
#1 /srv/CodeIgniter/system/View/View.php(210): include('...')
#2 /srv/CodeIgniter/system/View/View.php(213): CodeIgniter\View\View->CodeIgniter\View\{closure}()
#3 /srv/CodeIgniter/system/Common.php(1089): CodeIgniter\View\View->render()
#4 /srv/CodeIgniter/app/Controllers/Home.php(85): view()
#5 /srv/CodeIgniter/system/CodeIgniter.php(825): App\Controllers\Home->listassignments()
#6 /srv/CodeIgniter/system/CodeIgniter.php(412): CodeIgniter\CodeIgniter->runController()
#7 /srv/CodeIgniter/system/CodeIgniter.php(320): CodeIgniter\CodeIgniter->handleRequest()
#8 /srv/CodeIgniter/public/index.php(37): CodeIgniter\CodeIgniter->run()
#9 /srv/CodeIgniter/system/Commands/Server/rewrite.php(43): require_once('...')
#10 {main}
CRITICAL - 2022-12-30 08:27:22 --> Undefined property: stdClass::$id
#0 /srv/CodeIgniter/app/Views/assignments.php(32): CodeIgniter\Debug\Exceptions->errorHandler()
#1 /srv/CodeIgniter/system/View/View.php(210): include('...')
#2 /srv/CodeIgniter/system/View/View.php(213): CodeIgniter\View\View->CodeIgniter\View\{closure}()
#3 /srv/CodeIgniter/system/Common.php(1089): CodeIgniter\View\View->render()
#4 /srv/CodeIgniter/app/Controllers/Home.php(85): view()
#5 /srv/CodeIgniter/system/CodeIgniter.php(825): App\Controllers\Home->listassignments()
#6 /srv/CodeIgniter/system/CodeIgniter.php(412): CodeIgniter\CodeIgniter->runController()
#7 /srv/CodeIgniter/system/CodeIgniter.php(320): CodeIgniter\CodeIgniter->handleRequest()
#8 /srv/CodeIgniter/public/index.php(37): CodeIgniter\CodeIgniter->run()
#9 /srv/CodeIgniter/system/Commands/Server/rewrite.php(43): require_once('...')
#10 {main}
CRITICAL - 2022-12-30 09:54:43 --> Call to undefined function App\Controllers\find()
#0 /srv/CodeIgniter/system/CodeIgniter.php(825): App\Controllers\Home->returns()
#1 /srv/CodeIgniter/system/CodeIgniter.php(412): CodeIgniter\CodeIgniter->runController()
#2 /srv/CodeIgniter/system/CodeIgniter.php(320): CodeIgniter\CodeIgniter->handleRequest()
#3 /srv/CodeIgniter/public/index.php(37): CodeIgniter\CodeIgniter->run()
#4 /srv/CodeIgniter/system/Commands/Server/rewrite.php(43): require_once('...')
#5 {main}
CRITICAL - 2022-12-30 09:54:51 --> Attempt to read property "id" on array
#0 /srv/CodeIgniter/app/Views/returns.php(5): CodeIgniter\Debug\Exceptions->errorHandler()
#1 /srv/CodeIgniter/system/View/View.php(210): include('...')
#2 /srv/CodeIgniter/system/View/View.php(213): CodeIgniter\View\View->CodeIgniter\View\{closure}()
#3 /srv/CodeIgniter/system/Common.php(1089): CodeIgniter\View\View->render()
#4 /srv/CodeIgniter/app/Controllers/Home.php(133): view()
#5 /srv/CodeIgniter/system/CodeIgniter.php(825): App\Controllers\Home->returns()
#6 /srv/CodeIgniter/system/CodeIgniter.php(412): CodeIgniter\CodeIgniter->runController()
#7 /srv/CodeIgniter/system/CodeIgniter.php(320): CodeIgniter\CodeIgniter->handleRequest()
#8 /srv/CodeIgniter/public/index.php(37): CodeIgniter\CodeIgniter->run()
#9 /srv/CodeIgniter/system/Commands/Server/rewrite.php(43): require_once('...')
#10 {main}
CRITICAL - 2022-12-30 09:55:13 --> Attempt to read property "fecha_asignacion" on array
#0 /srv/CodeIgniter/app/Views/returns.php(5): CodeIgniter\Debug\Exceptions->errorHandler()
#1 /srv/CodeIgniter/system/View/View.php(210): include('...')
#2 /srv/CodeIgniter/system/View/View.php(213): CodeIgniter\View\View->CodeIgniter\View\{closure}()
#3 /srv/CodeIgniter/system/Common.php(1089): CodeIgniter\View\View->render()
#4 /srv/CodeIgniter/app/Controllers/Home.php(133): view()
#5 /srv/CodeIgniter/system/CodeIgniter.php(825): App\Controllers\Home->returns()
#6 /srv/CodeIgniter/system/CodeIgniter.php(412): CodeIgniter\CodeIgniter->runController()
#7 /srv/CodeIgniter/system/CodeIgniter.php(320): CodeIgniter\CodeIgniter->handleRequest()
#8 /srv/CodeIgniter/public/index.php(37): CodeIgniter\CodeIgniter->run()
#9 /srv/CodeIgniter/system/Commands/Server/rewrite.php(43): require_once('...')
#10 {main}
CRITICAL - 2022-12-30 09:55:29 --> Attempt to read property "id_empleado" on array
#0 /srv/CodeIgniter/app/Views/returns.php(5): CodeIgniter\Debug\Exceptions->errorHandler()
#1 /srv/CodeIgniter/system/View/View.php(210): include('...')
#2 /srv/CodeIgniter/system/View/View.php(213): CodeIgniter\View\View->CodeIgniter\View\{closure}()
#3 /srv/CodeIgniter/system/Common.php(1089): CodeIgniter\View\View->render()
#4 /srv/CodeIgniter/app/Controllers/Home.php(133): view()
#5 /srv/CodeIgniter/system/CodeIgniter.php(825): App\Controllers\Home->returns()
#6 /srv/CodeIgniter/system/CodeIgniter.php(412): CodeIgniter\CodeIgniter->runController()
#7 /srv/CodeIgniter/system/CodeIgniter.php(320): CodeIgniter\CodeIgniter->handleRequest()
#8 /srv/CodeIgniter/public/index.php(37): CodeIgniter\CodeIgniter->run()
#9 /srv/CodeIgniter/system/Commands/Server/rewrite.php(43): require_once('...')
#10 {main}
CRITICAL - 2022-12-30 09:56:40 --> Attempt to read property "fecha_asignacion" on array
#0 /srv/CodeIgniter/app/Views/returns.php(5): CodeIgniter\Debug\Exceptions->errorHandler()
#1 /srv/CodeIgniter/system/View/View.php(210): include('...')
#2 /srv/CodeIgniter/system/View/View.php(213): CodeIgniter\View\View->CodeIgniter\View\{closure}()
#3 /srv/CodeIgniter/system/Common.php(1089): CodeIgniter\View\View->render()
#4 /srv/CodeIgniter/app/Controllers/Home.php(133): view()
#5 /srv/CodeIgniter/system/CodeIgniter.php(825): App\Controllers\Home->returns()
#6 /srv/CodeIgniter/system/CodeIgniter.php(412): CodeIgniter\CodeIgniter->runController()
#7 /srv/CodeIgniter/system/CodeIgniter.php(320): CodeIgniter\CodeIgniter->handleRequest()
#8 /srv/CodeIgniter/public/index.php(37): CodeIgniter\CodeIgniter->run()
#9 /srv/CodeIgniter/system/Commands/Server/rewrite.php(43): require_once('...')
#10 {main}
CRITICAL - 2022-12-30 09:57:30 --> Attempt to read property "comentario_entrega" on array
#0 /srv/CodeIgniter/app/Views/returns.php(5): CodeIgniter\Debug\Exceptions->errorHandler()
#1 /srv/CodeIgniter/system/View/View.php(210): include('...')
#2 /srv/CodeIgniter/system/View/View.php(213): CodeIgniter\View\View->CodeIgniter\View\{closure}()
#3 /srv/CodeIgniter/system/Common.php(1089): CodeIgniter\View\View->render()
#4 /srv/CodeIgniter/app/Controllers/Home.php(133): view()
#5 /srv/CodeIgniter/system/CodeIgniter.php(825): App\Controllers\Home->returns()
#6 /srv/CodeIgniter/system/CodeIgniter.php(412): CodeIgniter\CodeIgniter->runController()
#7 /srv/CodeIgniter/system/CodeIgniter.php(320): CodeIgniter\CodeIgniter->handleRequest()
#8 /srv/CodeIgniter/public/index.php(37): CodeIgniter\CodeIgniter->run()
#9 /srv/CodeIgniter/system/Commands/Server/rewrite.php(43): require_once('...')
#10 {main}
CRITICAL - 2022-12-30 09:58:45 --> Attempt to read property "comentario_entrega" on array
#0 /srv/CodeIgniter/app/Views/returns.php(5): CodeIgniter\Debug\Exceptions->errorHandler()
#1 /srv/CodeIgniter/system/View/View.php(210): include('...')
#2 /srv/CodeIgniter/system/View/View.php(213): CodeIgniter\View\View->CodeIgniter\View\{closure}()
#3 /srv/CodeIgniter/system/Common.php(1089): CodeIgniter\View\View->render()
#4 /srv/CodeIgniter/app/Controllers/Home.php(133): view()
#5 /srv/CodeIgniter/system/CodeIgniter.php(825): App\Controllers\Home->returns()
#6 /srv/CodeIgniter/system/CodeIgniter.php(412): CodeIgniter\CodeIgniter->runController()
#7 /srv/CodeIgniter/system/CodeIgniter.php(320): CodeIgniter\CodeIgniter->handleRequest()
#8 /srv/CodeIgniter/public/index.php(37): CodeIgniter\CodeIgniter->run()
#9 /srv/CodeIgniter/system/Commands/Server/rewrite.php(43): require_once('...')
#10 {main}
CRITICAL - 2022-12-30 09:59:20 --> Attempt to read property "comentario_entrega" on array
#0 /srv/CodeIgniter/app/Views/returns.php(5): CodeIgniter\Debug\Exceptions->errorHandler()
#1 /srv/CodeIgniter/system/View/View.php(210): include('...')
#2 /srv/CodeIgniter/system/View/View.php(213): CodeIgniter\View\View->CodeIgniter\View\{closure}()
#3 /srv/CodeIgniter/system/Common.php(1089): CodeIgniter\View\View->render()
#4 /srv/CodeIgniter/app/Controllers/Home.php(134): view()
#5 /srv/CodeIgniter/system/CodeIgniter.php(825): App\Controllers\Home->returns()
#6 /srv/CodeIgniter/system/CodeIgniter.php(412): CodeIgniter\CodeIgniter->runController()
#7 /srv/CodeIgniter/system/CodeIgniter.php(320): CodeIgniter\CodeIgniter->handleRequest()
#8 /srv/CodeIgniter/public/index.php(37): CodeIgniter\CodeIgniter->run()
#9 /srv/CodeIgniter/system/Commands/Server/rewrite.php(43): require_once('...')
#10 {main}
ERROR - 2022-12-30 10:15:16 --> You have an error in your SQL syntax; check the manual that corresponds to your MySQL server version for the right syntax to use near '2 and 6' at line 1
CRITICAL - 2022-12-30 10:15:16 --> You have an error in your SQL syntax; check the manual that corresponds to your MySQL server version for the right syntax to use near '2 and 6' at line 1
#0 /srv/CodeIgniter/system/Database/MySQLi/Connection.php(292): mysqli->query()
#1 /srv/CodeIgniter/system/Database/BaseConnection.php(670): CodeIgniter\Database\MySQLi\Connection->execute()
#2 /srv/CodeIgniter/system/Database/BaseConnection.php(598): CodeIgniter\Database\BaseConnection->simpleQuery()
#3 /srv/CodeIgniter/app/Controllers/Home.php(136): CodeIgniter\Database\BaseConnection->query()
#4 /srv/CodeIgniter/system/CodeIgniter.php(825): App\Controllers\Home->returns()
#5 /srv/CodeIgniter/system/CodeIgniter.php(412): CodeIgniter\CodeIgniter->runController()
#6 /srv/CodeIgniter/system/CodeIgniter.php(320): CodeIgniter\CodeIgniter->handleRequest()
#7 /srv/CodeIgniter/public/index.php(37): CodeIgniter\CodeIgniter->run()
#8 /srv/CodeIgniter/system/Commands/Server/rewrite.php(43): require_once('...')
#9 {main}
CRITICAL - 2022-12-30 10:25:00 --> Class "App\Controllers\InstrumentoModel" not found
#0 /srv/CodeIgniter/system/CodeIgniter.php(825): App\Controllers\Home->returns()
#1 /srv/CodeIgniter/system/CodeIgniter.php(412): CodeIgniter\CodeIgniter->runController()
#2 /srv/CodeIgniter/system/CodeIgniter.php(320): CodeIgniter\CodeIgniter->handleRequest()
#3 /srv/CodeIgniter/public/index.php(37): CodeIgniter\CodeIgniter->run()
#4 /srv/CodeIgniter/system/Commands/Server/rewrite.php(43): require_once('...')
#5 {main}
CRITICAL - 2022-12-30 10:25:23 --> Attempt to read property "instrumento" on array
#0 /srv/CodeIgniter/app/Views/returns.php(6): CodeIgniter\Debug\Exceptions->errorHandler()
#1 /srv/CodeIgniter/system/View/View.php(210): include('...')
#2 /srv/CodeIgniter/system/View/View.php(213): CodeIgniter\View\View->CodeIgniter\View\{closure}()
#3 /srv/CodeIgniter/system/Common.php(1089): CodeIgniter\View\View->render()
#4 /srv/CodeIgniter/app/Controllers/Home.php(143): view()
#5 /srv/CodeIgniter/system/CodeIgniter.php(825): App\Controllers\Home->returns()
#6 /srv/CodeIgniter/system/CodeIgniter.php(412): CodeIgniter\CodeIgniter->runController()
#7 /srv/CodeIgniter/system/CodeIgniter.php(320): CodeIgniter\CodeIgniter->handleRequest()
#8 /srv/CodeIgniter/public/index.php(37): CodeIgniter\CodeIgniter->run()
#9 /srv/CodeIgniter/system/Commands/Server/rewrite.php(43): require_once('...')
#10 {main}
CRITICAL - 2022-12-30 10:28:06 --> Attempt to read property "instrumento" on array
#0 /srv/CodeIgniter/app/Views/returns.php(6): CodeIgniter\Debug\Exceptions->errorHandler()
#1 /srv/CodeIgniter/system/View/View.php(210): include('...')
#2 /srv/CodeIgniter/system/View/View.php(213): CodeIgniter\View\View->CodeIgniter\View\{closure}()
#3 /srv/CodeIgniter/system/Common.php(1089): CodeIgniter\View\View->render()
#4 /srv/CodeIgniter/app/Controllers/Home.php(143): view()
#5 /srv/CodeIgniter/system/CodeIgniter.php(825): App\Controllers\Home->returns()
#6 /srv/CodeIgniter/system/CodeIgniter.php(412): CodeIgniter\CodeIgniter->runController()
#7 /srv/CodeIgniter/system/CodeIgniter.php(320): CodeIgniter\CodeIgniter->handleRequest()
#8 /srv/CodeIgniter/public/index.php(37): CodeIgniter\CodeIgniter->run()
#9 /srv/CodeIgniter/system/Commands/Server/rewrite.php(43): require_once('...')
#10 {main}
CRITICAL - 2022-12-30 10:28:39 --> Attempt to read property "instrumento" on array
#0 /srv/CodeIgniter/app/Views/returns.php(6): CodeIgniter\Debug\Exceptions->errorHandler()
#1 /srv/CodeIgniter/system/View/View.php(210): include('...')
#2 /srv/CodeIgniter/system/View/View.php(213): CodeIgniter\View\View->CodeIgniter\View\{closure}()
#3 /srv/CodeIgniter/system/Common.php(1089): CodeIgniter\View\View->render()
#4 /srv/CodeIgniter/app/Controllers/Home.php(143): view()
#5 /srv/CodeIgniter/system/CodeIgniter.php(825): App\Controllers\Home->returns()
#6 /srv/CodeIgniter/system/CodeIgniter.php(412): CodeIgniter\CodeIgniter->runController()
#7 /srv/CodeIgniter/system/CodeIgniter.php(320): CodeIgniter\CodeIgniter->handleRequest()
#8 /srv/CodeIgniter/public/index.php(37): CodeIgniter\CodeIgniter->run()
#9 /srv/CodeIgniter/system/Commands/Server/rewrite.php(43): require_once('...')
#10 {main}
CRITICAL - 2022-12-30 10:29:05 --> Attempt to read property "modelo" on array
#0 /srv/CodeIgniter/app/Views/returns.php(6): CodeIgniter\Debug\Exceptions->errorHandler()
#1 /srv/CodeIgniter/system/View/View.php(210): include('...')
#2 /srv/CodeIgniter/system/View/View.php(213): CodeIgniter\View\View->CodeIgniter\View\{closure}()
#3 /srv/CodeIgniter/system/Common.php(1089): CodeIgniter\View\View->render()
#4 /srv/CodeIgniter/app/Controllers/Home.php(143): view()
#5 /srv/CodeIgniter/system/CodeIgniter.php(825): App\Controllers\Home->returns()
#6 /srv/CodeIgniter/system/CodeIgniter.php(412): CodeIgniter\CodeIgniter->runController()
#7 /srv/CodeIgniter/system/CodeIgniter.php(320): CodeIgniter\CodeIgniter->handleRequest()
#8 /srv/CodeIgniter/public/index.php(37): CodeIgniter\CodeIgniter->run()
#9 /srv/CodeIgniter/system/Commands/Server/rewrite.php(43): require_once('...')
#10 {main}
CRITICAL - 2022-12-30 11:11:03 --> Undefined array key "id_estado_devolucion"
#0 /srv/CodeIgniter/app/Controllers/Update.php(45): CodeIgniter\Debug\Exceptions->errorHandler()
#1 /srv/CodeIgniter/system/CodeIgniter.php(825): App\Controllers\Update->devolucion_instrumento()
#2 /srv/CodeIgniter/system/CodeIgniter.php(412): CodeIgniter\CodeIgniter->runController()
#3 /srv/CodeIgniter/system/CodeIgniter.php(320): CodeIgniter\CodeIgniter->handleRequest()
#4 /srv/CodeIgniter/public/index.php(37): CodeIgniter\CodeIgniter->run()
#5 /srv/CodeIgniter/system/Commands/Server/rewrite.php(43): require_once('...')
#6 {main}
CRITICAL - 2022-12-30 11:11:39 --> Undefined array key "id_empleado"
#0 /srv/CodeIgniter/app/Controllers/Update.php(47): CodeIgniter\Debug\Exceptions->errorHandler()
#1 /srv/CodeIgniter/system/CodeIgniter.php(825): App\Controllers\Update->devolucion_instrumento()
#2 /srv/CodeIgniter/system/CodeIgniter.php(412): CodeIgniter\CodeIgniter->runController()
#3 /srv/CodeIgniter/system/CodeIgniter.php(320): CodeIgniter\CodeIgniter->handleRequest()
#4 /srv/CodeIgniter/public/index.php(37): CodeIgniter\CodeIgniter->run()
#5 /srv/CodeIgniter/system/Commands/Server/rewrite.php(43): require_once('...')
#6 {main}
CRITICAL - 2022-12-30 11:12:11 --> Class "App\Controllers\AsignacionModel" not found
#0 /srv/CodeIgniter/system/CodeIgniter.php(825): App\Controllers\Update->devolucion_instrumento()
#1 /srv/CodeIgniter/system/CodeIgniter.php(412): CodeIgniter\CodeIgniter->runController()
#2 /srv/CodeIgniter/system/CodeIgniter.php(320): CodeIgniter\CodeIgniter->handleRequest()
#3 /srv/CodeIgniter/public/index.php(37): CodeIgniter\CodeIgniter->run()
#4 /srv/CodeIgniter/system/Commands/Server/rewrite.php(43): require_once('...')
#5 {main}
CRITICAL - 2022-12-30 11:36:25 --> Undefined array key "id_asignacion"
#0 /srv/CodeIgniter/app/Controllers/Update.php(50): CodeIgniter\Debug\Exceptions->errorHandler()
#1 /srv/CodeIgniter/system/CodeIgniter.php(825): App\Controllers\Update->devolucion_instrumento()
#2 /srv/CodeIgniter/system/CodeIgniter.php(412): CodeIgniter\CodeIgniter->runController()
#3 /srv/CodeIgniter/system/CodeIgniter.php(320): CodeIgniter\CodeIgniter->handleRequest()
#4 /srv/CodeIgniter/public/index.php(37): CodeIgniter\CodeIgniter->run()
#5 /srv/CodeIgniter/system/Commands/Server/rewrite.php(43): require_once('...')
#6 {main}
CRITICAL - 2022-12-30 14:53:59 --> syntax error, unexpected token "}"
#0 /srv/CodeIgniter/system/View/View.php(213): CodeIgniter\View\View->CodeIgniter\View\{closure}()
#1 /srv/CodeIgniter/system/Common.php(1089): CodeIgniter\View\View->render()
#2 /srv/CodeIgniter/app/Controllers/Home.php(128): view()
#3 /srv/CodeIgniter/system/CodeIgniter.php(825): App\Controllers\Home->newassignment()
#4 /srv/CodeIgniter/system/CodeIgniter.php(412): CodeIgniter\CodeIgniter->runController()
#5 /srv/CodeIgniter/system/CodeIgniter.php(320): CodeIgniter\CodeIgniter->handleRequest()
#6 /srv/CodeIgniter/public/index.php(37): CodeIgniter\CodeIgniter->run()
#7 /srv/CodeIgniter/system/Commands/Server/rewrite.php(43): require_once('...')
#8 {main}
