CRITICAL - 2022-12-21 11:21:22 --> Call to undefined method CodeIgniter\View\View::extends()
#0 /srv/CodeIgniter/system/View/View.php(210): include()
#1 /srv/CodeIgniter/system/View/View.php(213): CodeIgniter\View\View->CodeIgniter\View\{closure}()
#2 /srv/CodeIgniter/system/Common.php(1089): CodeIgniter\View\View->render()
#3 /srv/CodeIgniter/app/Controllers/Home.php(14): view()
#4 /srv/CodeIgniter/system/CodeIgniter.php(825): App\Controllers\Home->printers()
#5 /srv/CodeIgniter/system/CodeIgniter.php(412): CodeIgniter\CodeIgniter->runController()
#6 /srv/CodeIgniter/system/CodeIgniter.php(320): CodeIgniter\CodeIgniter->handleRequest()
#7 /srv/CodeIgniter/public/index.php(37): CodeIgniter\CodeIgniter->run()
#8 /srv/CodeIgniter/system/Commands/Server/rewrite.php(43): require_once('...')
#9 {main}
CRITICAL - 2022-12-21 11:22:43 --> Call to undefined method CodeIgniter\View\View::extends()
#0 /srv/CodeIgniter/system/View/View.php(210): include()
#1 /srv/CodeIgniter/system/View/View.php(213): CodeIgniter\View\View->CodeIgniter\View\{closure}()
#2 /srv/CodeIgniter/system/Common.php(1089): CodeIgniter\View\View->render()
#3 /srv/CodeIgniter/app/Controllers/Home.php(14): view()
#4 /srv/CodeIgniter/system/CodeIgniter.php(825): App\Controllers\Home->printers()
#5 /srv/CodeIgniter/system/CodeIgniter.php(412): CodeIgniter\CodeIgniter->runController()
#6 /srv/CodeIgniter/system/CodeIgniter.php(320): CodeIgniter\CodeIgniter->handleRequest()
#7 /srv/CodeIgniter/public/index.php(37): CodeIgniter\CodeIgniter->run()
#8 /srv/CodeIgniter/system/Commands/Server/rewrite.php(43): require_once('...')
#9 {main}
CRITICAL - 2022-12-21 11:22:44 --> Call to undefined method CodeIgniter\View\View::extends()
#0 /srv/CodeIgniter/system/View/View.php(210): include()
#1 /srv/CodeIgniter/system/View/View.php(213): CodeIgniter\View\View->CodeIgniter\View\{closure}()
#2 /srv/CodeIgniter/system/Common.php(1089): CodeIgniter\View\View->render()
#3 /srv/CodeIgniter/app/Controllers/Home.php(14): view()
#4 /srv/CodeIgniter/system/CodeIgniter.php(825): App\Controllers\Home->printers()
#5 /srv/CodeIgniter/system/CodeIgniter.php(412): CodeIgniter\CodeIgniter->runController()
#6 /srv/CodeIgniter/system/CodeIgniter.php(320): CodeIgniter\CodeIgniter->handleRequest()
#7 /srv/CodeIgniter/public/index.php(37): CodeIgniter\CodeIgniter->run()
#8 /srv/CodeIgniter/system/Commands/Server/rewrite.php(43): require_once('...')
#9 {main}
CRITICAL - 2022-12-21 11:22:46 --> Call to undefined method CodeIgniter\View\View::extends()
#0 /srv/CodeIgniter/system/View/View.php(210): include()
#1 /srv/CodeIgniter/system/View/View.php(213): CodeIgniter\View\View->CodeIgniter\View\{closure}()
#2 /srv/CodeIgniter/system/Common.php(1089): CodeIgniter\View\View->render()
#3 /srv/CodeIgniter/app/Controllers/Home.php(14): view()
#4 /srv/CodeIgniter/system/CodeIgniter.php(825): App\Controllers\Home->printers()
#5 /srv/CodeIgniter/system/CodeIgniter.php(412): CodeIgniter\CodeIgniter->runController()
#6 /srv/CodeIgniter/system/CodeIgniter.php(320): CodeIgniter\CodeIgniter->handleRequest()
#7 /srv/CodeIgniter/public/index.php(37): CodeIgniter\CodeIgniter->run()
#8 /srv/CodeIgniter/system/Commands/Server/rewrite.php(43): require_once('...')
#9 {main}
CRITICAL - 2022-12-21 11:23:09 --> Invalid file: layouts\baselayout.php
#0 /srv/CodeIgniter/system/View/View.php(198): CodeIgniter\Exceptions\FrameworkException::forInvalidFile()
#1 /srv/CodeIgniter/system/View/View.php(226): CodeIgniter\View\View->render()
#2 /srv/CodeIgniter/system/Common.php(1089): CodeIgniter\View\View->render()
#3 /srv/CodeIgniter/app/Controllers/Home.php(14): view()
#4 /srv/CodeIgniter/system/CodeIgniter.php(825): App\Controllers\Home->printers()
#5 /srv/CodeIgniter/system/CodeIgniter.php(412): CodeIgniter\CodeIgniter->runController()
#6 /srv/CodeIgniter/system/CodeIgniter.php(320): CodeIgniter\CodeIgniter->handleRequest()
#7 /srv/CodeIgniter/public/index.php(37): CodeIgniter\CodeIgniter->run()
#8 /srv/CodeIgniter/system/Commands/Server/rewrite.php(43): require_once('...')
#9 {main}
CRITICAL - 2022-12-21 11:23:10 --> Invalid file: layouts\baselayout.php
#0 /srv/CodeIgniter/system/View/View.php(198): CodeIgniter\Exceptions\FrameworkException::forInvalidFile()
#1 /srv/CodeIgniter/system/View/View.php(226): CodeIgniter\View\View->render()
#2 /srv/CodeIgniter/system/Common.php(1089): CodeIgniter\View\View->render()
#3 /srv/CodeIgniter/app/Controllers/Home.php(14): view()
#4 /srv/CodeIgniter/system/CodeIgniter.php(825): App\Controllers\Home->printers()
#5 /srv/CodeIgniter/system/CodeIgniter.php(412): CodeIgniter\CodeIgniter->runController()
#6 /srv/CodeIgniter/system/CodeIgniter.php(320): CodeIgniter\CodeIgniter->handleRequest()
#7 /srv/CodeIgniter/public/index.php(37): CodeIgniter\CodeIgniter->run()
#8 /srv/CodeIgniter/system/Commands/Server/rewrite.php(43): require_once('...')
#9 {main}
CRITICAL - 2022-12-21 11:23:28 --> Invalid file: Views\layouts\baselayout.php
#0 /srv/CodeIgniter/system/View/View.php(198): CodeIgniter\Exceptions\FrameworkException::forInvalidFile()
#1 /srv/CodeIgniter/system/View/View.php(226): CodeIgniter\View\View->render()
#2 /srv/CodeIgniter/system/Common.php(1089): CodeIgniter\View\View->render()
#3 /srv/CodeIgniter/app/Controllers/Home.php(14): view()
#4 /srv/CodeIgniter/system/CodeIgniter.php(825): App\Controllers\Home->printers()
#5 /srv/CodeIgniter/system/CodeIgniter.php(412): CodeIgniter\CodeIgniter->runController()
#6 /srv/CodeIgniter/system/CodeIgniter.php(320): CodeIgniter\CodeIgniter->handleRequest()
#7 /srv/CodeIgniter/public/index.php(37): CodeIgniter\CodeIgniter->run()
#8 /srv/CodeIgniter/system/Commands/Server/rewrite.php(43): require_once('...')
#9 {main}
CRITICAL - 2022-12-21 11:24:21 --> Invalid file: ~\Views\layouts\baselayout.php
#0 /srv/CodeIgniter/system/View/View.php(198): CodeIgniter\Exceptions\FrameworkException::forInvalidFile()
#1 /srv/CodeIgniter/system/View/View.php(226): CodeIgniter\View\View->render()
#2 /srv/CodeIgniter/system/Common.php(1089): CodeIgniter\View\View->render()
#3 /srv/CodeIgniter/app/Controllers/Home.php(14): view()
#4 /srv/CodeIgniter/system/CodeIgniter.php(825): App\Controllers\Home->printers()
#5 /srv/CodeIgniter/system/CodeIgniter.php(412): CodeIgniter\CodeIgniter->runController()
#6 /srv/CodeIgniter/system/CodeIgniter.php(320): CodeIgniter\CodeIgniter->handleRequest()
#7 /srv/CodeIgniter/public/index.php(37): CodeIgniter\CodeIgniter->run()
#8 /srv/CodeIgniter/system/Commands/Server/rewrite.php(43): require_once('...')
#9 {main}
CRITICAL - 2022-12-21 11:24:23 --> Invalid file: ~\Views\layouts\baselayout.php
#0 /srv/CodeIgniter/system/View/View.php(198): CodeIgniter\Exceptions\FrameworkException::forInvalidFile()
#1 /srv/CodeIgniter/system/View/View.php(226): CodeIgniter\View\View->render()
#2 /srv/CodeIgniter/system/Common.php(1089): CodeIgniter\View\View->render()
#3 /srv/CodeIgniter/app/Controllers/Home.php(14): view()
#4 /srv/CodeIgniter/system/CodeIgniter.php(825): App\Controllers\Home->printers()
#5 /srv/CodeIgniter/system/CodeIgniter.php(412): CodeIgniter\CodeIgniter->runController()
#6 /srv/CodeIgniter/system/CodeIgniter.php(320): CodeIgniter\CodeIgniter->handleRequest()
#7 /srv/CodeIgniter/public/index.php(37): CodeIgniter\CodeIgniter->run()
#8 /srv/CodeIgniter/system/Commands/Server/rewrite.php(43): require_once('...')
#9 {main}
CRITICAL - 2022-12-21 11:24:41 --> Invalid file: layouts\baselayout.php
#0 /srv/CodeIgniter/system/View/View.php(198): CodeIgniter\Exceptions\FrameworkException::forInvalidFile()
#1 /srv/CodeIgniter/system/View/View.php(226): CodeIgniter\View\View->render()
#2 /srv/CodeIgniter/system/Common.php(1089): CodeIgniter\View\View->render()
#3 /srv/CodeIgniter/app/Controllers/Home.php(14): view()
#4 /srv/CodeIgniter/system/CodeIgniter.php(825): App\Controllers\Home->printers()
#5 /srv/CodeIgniter/system/CodeIgniter.php(412): CodeIgniter\CodeIgniter->runController()
#6 /srv/CodeIgniter/system/CodeIgniter.php(320): CodeIgniter\CodeIgniter->handleRequest()
#7 /srv/CodeIgniter/public/index.php(37): CodeIgniter\CodeIgniter->run()
#8 /srv/CodeIgniter/system/Commands/Server/rewrite.php(43): require_once('...')
#9 {main}
CRITICAL - 2022-12-21 11:24:42 --> Invalid file: layouts\baselayout.php
#0 /srv/CodeIgniter/system/View/View.php(198): CodeIgniter\Exceptions\FrameworkException::forInvalidFile()
#1 /srv/CodeIgniter/system/View/View.php(226): CodeIgniter\View\View->render()
#2 /srv/CodeIgniter/system/Common.php(1089): CodeIgniter\View\View->render()
#3 /srv/CodeIgniter/app/Controllers/Home.php(14): view()
#4 /srv/CodeIgniter/system/CodeIgniter.php(825): App\Controllers\Home->printers()
#5 /srv/CodeIgniter/system/CodeIgniter.php(412): CodeIgniter\CodeIgniter->runController()
#6 /srv/CodeIgniter/system/CodeIgniter.php(320): CodeIgniter\CodeIgniter->handleRequest()
#7 /srv/CodeIgniter/public/index.php(37): CodeIgniter\CodeIgniter->run()
#8 /srv/CodeIgniter/system/Commands/Server/rewrite.php(43): require_once('...')
#9 {main}
CRITICAL - 2022-12-21 11:24:43 --> Invalid file: layouts\baselayout.php
#0 /srv/CodeIgniter/system/View/View.php(198): CodeIgniter\Exceptions\FrameworkException::forInvalidFile()
#1 /srv/CodeIgniter/system/View/View.php(226): CodeIgniter\View\View->render()
#2 /srv/CodeIgniter/system/Common.php(1089): CodeIgniter\View\View->render()
#3 /srv/CodeIgniter/app/Controllers/Home.php(14): view()
#4 /srv/CodeIgniter/system/CodeIgniter.php(825): App\Controllers\Home->printers()
#5 /srv/CodeIgniter/system/CodeIgniter.php(412): CodeIgniter\CodeIgniter->runController()
#6 /srv/CodeIgniter/system/CodeIgniter.php(320): CodeIgniter\CodeIgniter->handleRequest()
#7 /srv/CodeIgniter/public/index.php(37): CodeIgniter\CodeIgniter->run()
#8 /srv/CodeIgniter/system/Commands/Server/rewrite.php(43): require_once('...')
#9 {main}
CRITICAL - 2022-12-21 11:25:40 --> Invalid file: app/Views/layouts/baselayout.php
#0 /srv/CodeIgniter/system/View/View.php(198): CodeIgniter\Exceptions\FrameworkException::forInvalidFile()
#1 /srv/CodeIgniter/system/View/View.php(226): CodeIgniter\View\View->render()
#2 /srv/CodeIgniter/system/Common.php(1089): CodeIgniter\View\View->render()
#3 /srv/CodeIgniter/app/Controllers/Home.php(14): view()
#4 /srv/CodeIgniter/system/CodeIgniter.php(825): App\Controllers\Home->printers()
#5 /srv/CodeIgniter/system/CodeIgniter.php(412): CodeIgniter\CodeIgniter->runController()
#6 /srv/CodeIgniter/system/CodeIgniter.php(320): CodeIgniter\CodeIgniter->handleRequest()
#7 /srv/CodeIgniter/public/index.php(37): CodeIgniter\CodeIgniter->run()
#8 /srv/CodeIgniter/system/Commands/Server/rewrite.php(43): require_once('...')
#9 {main}
CRITICAL - 2022-12-21 11:28:09 --> Too few arguments to function CodeIgniter\View\View::renderSection(), 0 passed in /srv/CodeIgniter/app/Views/baselayout.php on line 11 and exactly 1 expected
#0 /srv/CodeIgniter/app/Views/baselayout.php(11): CodeIgniter\View\View->renderSection()
#1 /srv/CodeIgniter/system/View/View.php(210): include('...')
#2 /srv/CodeIgniter/system/View/View.php(213): CodeIgniter\View\View->CodeIgniter\View\{closure}()
#3 /srv/CodeIgniter/system/View/View.php(226): CodeIgniter\View\View->render()
#4 /srv/CodeIgniter/system/Common.php(1089): CodeIgniter\View\View->render()
#5 /srv/CodeIgniter/app/Controllers/Home.php(14): view()
#6 /srv/CodeIgniter/system/CodeIgniter.php(825): App\Controllers\Home->printers()
#7 /srv/CodeIgniter/system/CodeIgniter.php(412): CodeIgniter\CodeIgniter->runController()
#8 /srv/CodeIgniter/system/CodeIgniter.php(320): CodeIgniter\CodeIgniter->handleRequest()
#9 /srv/CodeIgniter/public/index.php(37): CodeIgniter\CodeIgniter->run()
#10 /srv/CodeIgniter/system/Commands/Server/rewrite.php(43): require_once('...')
#11 {main}
CRITICAL - 2022-12-21 11:28:10 --> Too few arguments to function CodeIgniter\View\View::renderSection(), 0 passed in /srv/CodeIgniter/app/Views/baselayout.php on line 11 and exactly 1 expected
#0 /srv/CodeIgniter/app/Views/baselayout.php(11): CodeIgniter\View\View->renderSection()
#1 /srv/CodeIgniter/system/View/View.php(210): include('...')
#2 /srv/CodeIgniter/system/View/View.php(213): CodeIgniter\View\View->CodeIgniter\View\{closure}()
#3 /srv/CodeIgniter/system/View/View.php(226): CodeIgniter\View\View->render()
#4 /srv/CodeIgniter/system/Common.php(1089): CodeIgniter\View\View->render()
#5 /srv/CodeIgniter/app/Controllers/Home.php(14): view()
#6 /srv/CodeIgniter/system/CodeIgniter.php(825): App\Controllers\Home->printers()
#7 /srv/CodeIgniter/system/CodeIgniter.php(412): CodeIgniter\CodeIgniter->runController()
#8 /srv/CodeIgniter/system/CodeIgniter.php(320): CodeIgniter\CodeIgniter->handleRequest()
#9 /srv/CodeIgniter/public/index.php(37): CodeIgniter\CodeIgniter->run()
#10 /srv/CodeIgniter/system/Commands/Server/rewrite.php(43): require_once('...')
#11 {main}
CRITICAL - 2022-12-21 11:28:11 --> Too few arguments to function CodeIgniter\View\View::renderSection(), 0 passed in /srv/CodeIgniter/app/Views/baselayout.php on line 11 and exactly 1 expected
#0 /srv/CodeIgniter/app/Views/baselayout.php(11): CodeIgniter\View\View->renderSection()
#1 /srv/CodeIgniter/system/View/View.php(210): include('...')
#2 /srv/CodeIgniter/system/View/View.php(213): CodeIgniter\View\View->CodeIgniter\View\{closure}()
#3 /srv/CodeIgniter/system/View/View.php(226): CodeIgniter\View\View->render()
#4 /srv/CodeIgniter/system/Common.php(1089): CodeIgniter\View\View->render()
#5 /srv/CodeIgniter/app/Controllers/Home.php(14): view()
#6 /srv/CodeIgniter/system/CodeIgniter.php(825): App\Controllers\Home->printers()
#7 /srv/CodeIgniter/system/CodeIgniter.php(412): CodeIgniter\CodeIgniter->runController()
#8 /srv/CodeIgniter/system/CodeIgniter.php(320): CodeIgniter\CodeIgniter->handleRequest()
#9 /srv/CodeIgniter/public/index.php(37): CodeIgniter\CodeIgniter->run()
#10 /srv/CodeIgniter/system/Commands/Server/rewrite.php(43): require_once('...')
#11 {main}
ERROR - 2022-12-21 11:52:05 --> Table 'impresoras.my_table' doesn't exist
CRITICAL - 2022-12-21 11:52:05 --> Table 'impresoras.my_table' doesn't exist
#0 /srv/CodeIgniter/system/Database/MySQLi/Connection.php(292): mysqli->query()
#1 /srv/CodeIgniter/system/Database/BaseConnection.php(670): CodeIgniter\Database\MySQLi\Connection->execute()
#2 /srv/CodeIgniter/system/Database/BaseConnection.php(598): CodeIgniter\Database\BaseConnection->simpleQuery()
#3 /srv/CodeIgniter/system/Database/BaseBuilder.php(1484): CodeIgniter\Database\BaseConnection->query()
#4 /srv/CodeIgniter/app/Controllers/Home.php(15): CodeIgniter\Database\BaseBuilder->countAll()
#5 /srv/CodeIgniter/system/CodeIgniter.php(825): App\Controllers\Home->printers()
#6 /srv/CodeIgniter/system/CodeIgniter.php(412): CodeIgniter\CodeIgniter->runController()
#7 /srv/CodeIgniter/system/CodeIgniter.php(320): CodeIgniter\CodeIgniter->handleRequest()
#8 /srv/CodeIgniter/public/index.php(37): CodeIgniter\CodeIgniter->run()
#9 /srv/CodeIgniter/system/Commands/Server/rewrite.php(43): require_once('...')
#10 {main}
CRITICAL - 2022-12-21 14:25:59 --> Undefined variable $db
#0 /srv/CodeIgniter/app/Controllers/Home.php(20): CodeIgniter\Debug\Exceptions->errorHandler()
#1 /srv/CodeIgniter/system/CodeIgniter.php(825): App\Controllers\Home->printers()
#2 /srv/CodeIgniter/system/CodeIgniter.php(412): CodeIgniter\CodeIgniter->runController()
#3 /srv/CodeIgniter/system/CodeIgniter.php(320): CodeIgniter\CodeIgniter->handleRequest()
#4 /srv/CodeIgniter/public/index.php(37): CodeIgniter\CodeIgniter->run()
#5 /srv/CodeIgniter/system/Commands/Server/rewrite.php(43): require_once('...')
#6 {main}
CRITICAL - 2022-12-21 15:46:50 --> Cannot use object of type App\Entities\Impresora as array
#0 /srv/CodeIgniter/system/View/View.php(210): include()
#1 /srv/CodeIgniter/system/View/View.php(213): CodeIgniter\View\View->CodeIgniter\View\{closure}()
#2 /srv/CodeIgniter/system/Common.php(1089): CodeIgniter\View\View->render()
#3 /srv/CodeIgniter/app/Controllers/Home.php(19): view()
#4 /srv/CodeIgniter/system/CodeIgniter.php(825): App\Controllers\Home->printers()
#5 /srv/CodeIgniter/system/CodeIgniter.php(412): CodeIgniter\CodeIgniter->runController()
#6 /srv/CodeIgniter/system/CodeIgniter.php(320): CodeIgniter\CodeIgniter->handleRequest()
#7 /srv/CodeIgniter/public/index.php(37): CodeIgniter\CodeIgniter->run()
#8 /srv/CodeIgniter/system/Commands/Server/rewrite.php(43): require_once('...')
#9 {main}
CRITICAL - 2022-12-21 15:47:57 --> Cannot use object of type App\Entities\Impresora as array
#0 /srv/CodeIgniter/system/View/View.php(210): include()
#1 /srv/CodeIgniter/system/View/View.php(213): CodeIgniter\View\View->CodeIgniter\View\{closure}()
#2 /srv/CodeIgniter/system/Common.php(1089): CodeIgniter\View\View->render()
#3 /srv/CodeIgniter/app/Controllers/Home.php(19): view()
#4 /srv/CodeIgniter/system/CodeIgniter.php(825): App\Controllers\Home->printers()
#5 /srv/CodeIgniter/system/CodeIgniter.php(412): CodeIgniter\CodeIgniter->runController()
#6 /srv/CodeIgniter/system/CodeIgniter.php(320): CodeIgniter\CodeIgniter->handleRequest()
#7 /srv/CodeIgniter/public/index.php(37): CodeIgniter\CodeIgniter->run()
#8 /srv/CodeIgniter/system/Commands/Server/rewrite.php(43): require_once('...')
#9 {main}
CRITICAL - 2022-12-21 15:49:54 --> Cannot use object of type App\Entities\Impresora as array
#0 /srv/CodeIgniter/system/View/View.php(210): include()
#1 /srv/CodeIgniter/system/View/View.php(213): CodeIgniter\View\View->CodeIgniter\View\{closure}()
#2 /srv/CodeIgniter/system/Common.php(1089): CodeIgniter\View\View->render()
#3 /srv/CodeIgniter/app/Controllers/Home.php(19): view()
#4 /srv/CodeIgniter/system/CodeIgniter.php(825): App\Controllers\Home->printers()
#5 /srv/CodeIgniter/system/CodeIgniter.php(412): CodeIgniter\CodeIgniter->runController()
#6 /srv/CodeIgniter/system/CodeIgniter.php(320): CodeIgniter\CodeIgniter->handleRequest()
#7 /srv/CodeIgniter/public/index.php(37): CodeIgniter\CodeIgniter->run()
#8 /srv/CodeIgniter/system/Commands/Server/rewrite.php(43): require_once('...')
#9 {main}
