ERROR - 2023-01-18 17:28:33 --> The user specified as a definer ('eretana'@'localhost') does not exist
CRITICAL - 2023-01-18 17:28:33 --> The user specified as a definer ('eretana'@'localhost') does not exist
#0 /var/www/soporte/system/Database/MySQLi/Connection.php(292): mysqli->query()
#1 /var/www/soporte/system/Database/BaseConnection.php(670): CodeIgniter\Database\MySQLi\Connection->execute()
#2 /var/www/soporte/system/Database/BaseConnection.php(598): CodeIgniter\Database\BaseConnection->simpleQuery()
#3 /var/www/soporte/app/Controllers/Home.php(193): CodeIgniter\Database\BaseConnection->query()
#4 /var/www/soporte/system/CodeIgniter.php(825): App\Controllers\Home->orders()
#5 /var/www/soporte/system/CodeIgniter.php(412): CodeIgniter\CodeIgniter->runController()
#6 /var/www/soporte/system/CodeIgniter.php(320): CodeIgniter\CodeIgniter->handleRequest()
#7 /var/www/soporte/public/index.php(37): CodeIgniter\CodeIgniter->run()
#8 {main}
ERROR - 2023-01-18 17:28:38 --> The user specified as a definer ('eretana'@'localhost') does not exist
CRITICAL - 2023-01-18 17:28:38 --> The user specified as a definer ('eretana'@'localhost') does not exist
#0 /var/www/soporte/system/Database/MySQLi/Connection.php(292): mysqli->query()
#1 /var/www/soporte/system/Database/BaseConnection.php(670): CodeIgniter\Database\MySQLi\Connection->execute()
#2 /var/www/soporte/system/Database/BaseConnection.php(598): CodeIgniter\Database\BaseConnection->simpleQuery()
#3 /var/www/soporte/app/Controllers/Home.php(193): CodeIgniter\Database\BaseConnection->query()
#4 /var/www/soporte/system/CodeIgniter.php(825): App\Controllers\Home->orders()
#5 /var/www/soporte/system/CodeIgniter.php(412): CodeIgniter\CodeIgniter->runController()
#6 /var/www/soporte/system/CodeIgniter.php(320): CodeIgniter\CodeIgniter->handleRequest()
#7 /var/www/soporte/public/index.php(37): CodeIgniter\CodeIgniter->run()
#8 {main}
