CRITICAL - 2023-01-11 09:02:21 --> Object of class stdClass could not be converted to string
#0 /var/www/tic.soporte.com/system/CodeIgniter.php(825): App\Controllers\Home->bag()
#1 /var/www/tic.soporte.com/system/CodeIgniter.php(412): CodeIgniter\CodeIgniter->runController()
#2 /var/www/tic.soporte.com/system/CodeIgniter.php(320): CodeIgniter\CodeIgniter->handleRequest()
#3 /var/www/tic.soporte.com/public/index.php(37): CodeIgniter\CodeIgniter->run()
#4 {main}
CRITICAL - 2023-01-11 09:02:45 --> Undefined variable $result
#0 /var/www/tic.soporte.com/app/Controllers/Home.php(215): CodeIgniter\Debug\Exceptions->errorHandler()
#1 /var/www/tic.soporte.com/system/CodeIgniter.php(825): App\Controllers\Home->bag()
#2 /var/www/tic.soporte.com/system/CodeIgniter.php(412): CodeIgniter\CodeIgniter->runController()
#3 /var/www/tic.soporte.com/system/CodeIgniter.php(320): CodeIgniter\CodeIgniter->handleRequest()
#4 /var/www/tic.soporte.com/public/index.php(37): CodeIgniter\CodeIgniter->run()
#5 {main}
CRITICAL - 2023-01-11 09:03:13 --> Unsupported operand types: string + string
#0 /var/www/tic.soporte.com/system/CodeIgniter.php(825): App\Controllers\Home->bag()
#1 /var/www/tic.soporte.com/system/CodeIgniter.php(412): CodeIgniter\CodeIgniter->runController()
#2 /var/www/tic.soporte.com/system/CodeIgniter.php(320): CodeIgniter\CodeIgniter->handleRequest()
#3 /var/www/tic.soporte.com/public/index.php(37): CodeIgniter\CodeIgniter->run()
#4 {main}
CRITICAL - 2023-01-11 09:15:14 --> Undefined variable $cuerpoCorreo
#0 /var/www/tic.soporte.com/app/Views/shoppingbag.php(31): CodeIgniter\Debug\Exceptions->errorHandler()
#1 /var/www/tic.soporte.com/system/View/View.php(210): include('...')
#2 /var/www/tic.soporte.com/system/View/View.php(213): CodeIgniter\View\View->CodeIgniter\View\{closure}()
#3 /var/www/tic.soporte.com/system/Common.php(1089): CodeIgniter\View\View->render()
#4 /var/www/tic.soporte.com/app/Controllers/Home.php(223): view()
#5 /var/www/tic.soporte.com/system/CodeIgniter.php(825): App\Controllers\Home->bag()
#6 /var/www/tic.soporte.com/system/CodeIgniter.php(412): CodeIgniter\CodeIgniter->runController()
#7 /var/www/tic.soporte.com/system/CodeIgniter.php(320): CodeIgniter\CodeIgniter->handleRequest()
#8 /var/www/tic.soporte.com/public/index.php(37): CodeIgniter\CodeIgniter->run()
#9 {main}
CRITICAL - 2023-01-11 09:38:12 --> Undefined variable $query
#0 /var/www/tic.soporte.com/app/Controllers/Home.php(223): CodeIgniter\Debug\Exceptions->errorHandler()
#1 /var/www/tic.soporte.com/system/CodeIgniter.php(825): App\Controllers\Home->bag()
#2 /var/www/tic.soporte.com/system/CodeIgniter.php(412): CodeIgniter\CodeIgniter->runController()
#3 /var/www/tic.soporte.com/system/CodeIgniter.php(320): CodeIgniter\CodeIgniter->handleRequest()
#4 /var/www/tic.soporte.com/public/index.php(37): CodeIgniter\CodeIgniter->run()
#5 {main}
ERROR - 2023-01-11 09:38:27 --> Unknown column 'id_componente' in 'where clause'
CRITICAL - 2023-01-11 09:38:27 --> Unknown column 'id_componente' in 'where clause'
#0 /var/www/tic.soporte.com/system/Database/MySQLi/Connection.php(292): mysqli->query()
#1 /var/www/tic.soporte.com/system/Database/BaseConnection.php(670): CodeIgniter\Database\MySQLi\Connection->execute()
#2 /var/www/tic.soporte.com/system/Database/BaseConnection.php(598): CodeIgniter\Database\BaseConnection->simpleQuery()
#3 /var/www/tic.soporte.com/app/Controllers/Home.php(223): CodeIgniter\Database\BaseConnection->query()
#4 /var/www/tic.soporte.com/system/CodeIgniter.php(825): App\Controllers\Home->bag()
#5 /var/www/tic.soporte.com/system/CodeIgniter.php(412): CodeIgniter\CodeIgniter->runController()
#6 /var/www/tic.soporte.com/system/CodeIgniter.php(320): CodeIgniter\CodeIgniter->handleRequest()
#7 /var/www/tic.soporte.com/public/index.php(37): CodeIgniter\CodeIgniter->run()
#8 {main}
CRITICAL - 2023-01-11 09:39:58 --> Call to a member function first() on array
#0 /var/www/tic.soporte.com/system/CodeIgniter.php(825): App\Controllers\Home->bag()
#1 /var/www/tic.soporte.com/system/CodeIgniter.php(412): CodeIgniter\CodeIgniter->runController()
#2 /var/www/tic.soporte.com/system/CodeIgniter.php(320): CodeIgniter\CodeIgniter->handleRequest()
#3 /var/www/tic.soporte.com/public/index.php(37): CodeIgniter\CodeIgniter->run()
#4 {main}
CRITICAL - 2023-01-11 09:40:28 --> Call to a member function first() on array
#0 /var/www/tic.soporte.com/system/CodeIgniter.php(825): App\Controllers\Home->bag()
#1 /var/www/tic.soporte.com/system/CodeIgniter.php(412): CodeIgniter\CodeIgniter->runController()
#2 /var/www/tic.soporte.com/system/CodeIgniter.php(320): CodeIgniter\CodeIgniter->handleRequest()
#3 /var/www/tic.soporte.com/public/index.php(37): CodeIgniter\CodeIgniter->run()
#4 {main}
ERROR - 2023-01-11 16:24:08 --> Unknown column 'id' in 'where clause'
CRITICAL - 2023-01-11 16:24:08 --> Unknown column 'id' in 'where clause'
#0 /var/www/tic.soporte.com/system/Database/MySQLi/Connection.php(292): mysqli->query()
#1 /var/www/tic.soporte.com/system/Database/BaseConnection.php(670): CodeIgniter\Database\MySQLi\Connection->execute()
#2 /var/www/tic.soporte.com/system/Database/BaseConnection.php(598): CodeIgniter\Database\BaseConnection->simpleQuery()
#3 /var/www/tic.soporte.com/app/Controllers/Home.php(223): CodeIgniter\Database\BaseConnection->query()
#4 /var/www/tic.soporte.com/system/CodeIgniter.php(825): App\Controllers\Home->bag()
#5 /var/www/tic.soporte.com/system/CodeIgniter.php(412): CodeIgniter\CodeIgniter->runController()
#6 /var/www/tic.soporte.com/system/CodeIgniter.php(320): CodeIgniter\CodeIgniter->handleRequest()
#7 /var/www/tic.soporte.com/public/index.php(37): CodeIgniter\CodeIgniter->run()
#8 {main}
CRITICAL - 2023-01-11 16:24:23 --> Undefined array key 0
#0 /var/www/tic.soporte.com/app/Controllers/Home.php(223): CodeIgniter\Debug\Exceptions->errorHandler()
#1 /var/www/tic.soporte.com/system/CodeIgniter.php(825): App\Controllers\Home->bag()
#2 /var/www/tic.soporte.com/system/CodeIgniter.php(412): CodeIgniter\CodeIgniter->runController()
#3 /var/www/tic.soporte.com/system/CodeIgniter.php(320): CodeIgniter\CodeIgniter->handleRequest()
#4 /var/www/tic.soporte.com/public/index.php(37): CodeIgniter\CodeIgniter->run()
#5 {main}
CRITICAL - 2023-01-11 16:56:08 --> Undefined variable $result3
#0 /var/www/tic.soporte.com/app/Controllers/Home.php(232): CodeIgniter\Debug\Exceptions->errorHandler()
#1 /var/www/tic.soporte.com/system/CodeIgniter.php(825): App\Controllers\Home->bag()
#2 /var/www/tic.soporte.com/system/CodeIgniter.php(412): CodeIgniter\CodeIgniter->runController()
#3 /var/www/tic.soporte.com/system/CodeIgniter.php(320): CodeIgniter\CodeIgniter->handleRequest()
#4 /var/www/tic.soporte.com/public/index.php(37): CodeIgniter\CodeIgniter->run()
#5 {main}
CRITICAL - 2023-01-11 16:56:23 --> Undefined variable $result3
#0 /var/www/tic.soporte.com/app/Controllers/Home.php(232): CodeIgniter\Debug\Exceptions->errorHandler()
#1 /var/www/tic.soporte.com/system/CodeIgniter.php(825): App\Controllers\Home->bag()
#2 /var/www/tic.soporte.com/system/CodeIgniter.php(412): CodeIgniter\CodeIgniter->runController()
#3 /var/www/tic.soporte.com/system/CodeIgniter.php(320): CodeIgniter\CodeIgniter->handleRequest()
#4 /var/www/tic.soporte.com/public/index.php(37): CodeIgniter\CodeIgniter->run()
#5 {main}
CRITICAL - 2023-01-11 16:56:44 --> Undefined variable $result3
#0 /var/www/tic.soporte.com/app/Controllers/Home.php(232): CodeIgniter\Debug\Exceptions->errorHandler()
#1 /var/www/tic.soporte.com/system/CodeIgniter.php(825): App\Controllers\Home->bag()
#2 /var/www/tic.soporte.com/system/CodeIgniter.php(412): CodeIgniter\CodeIgniter->runController()
#3 /var/www/tic.soporte.com/system/CodeIgniter.php(320): CodeIgniter\CodeIgniter->handleRequest()
#4 /var/www/tic.soporte.com/public/index.php(37): CodeIgniter\CodeIgniter->run()
#5 {main}
CRITICAL - 2023-01-11 16:56:45 --> Undefined variable $result3
#0 /var/www/tic.soporte.com/app/Controllers/Home.php(232): CodeIgniter\Debug\Exceptions->errorHandler()
#1 /var/www/tic.soporte.com/system/CodeIgniter.php(825): App\Controllers\Home->bag()
#2 /var/www/tic.soporte.com/system/CodeIgniter.php(412): CodeIgniter\CodeIgniter->runController()
#3 /var/www/tic.soporte.com/system/CodeIgniter.php(320): CodeIgniter\CodeIgniter->handleRequest()
#4 /var/www/tic.soporte.com/public/index.php(37): CodeIgniter\CodeIgniter->run()
#5 {main}
CRITICAL - 2023-01-11 16:59:41 --> Undefined array key ""
#0 /var/www/tic.soporte.com/app/Controllers/Home.php(231): CodeIgniter\Debug\Exceptions->errorHandler()
#1 /var/www/tic.soporte.com/system/CodeIgniter.php(825): App\Controllers\Home->bag()
#2 /var/www/tic.soporte.com/system/CodeIgniter.php(412): CodeIgniter\CodeIgniter->runController()
#3 /var/www/tic.soporte.com/system/CodeIgniter.php(320): CodeIgniter\CodeIgniter->handleRequest()
#4 /var/www/tic.soporte.com/public/index.php(37): CodeIgniter\CodeIgniter->run()
#5 {main}
CRITICAL - 2023-01-11 16:59:48 --> Undefined array key ""
#0 /var/www/tic.soporte.com/app/Controllers/Home.php(231): CodeIgniter\Debug\Exceptions->errorHandler()
#1 /var/www/tic.soporte.com/system/CodeIgniter.php(825): App\Controllers\Home->bag()
#2 /var/www/tic.soporte.com/system/CodeIgniter.php(412): CodeIgniter\CodeIgniter->runController()
#3 /var/www/tic.soporte.com/system/CodeIgniter.php(320): CodeIgniter\CodeIgniter->handleRequest()
#4 /var/www/tic.soporte.com/public/index.php(37): CodeIgniter\CodeIgniter->run()
#5 {main}
CRITICAL - 2023-01-11 17:19:12 --> Undefined array key "CN95DDK16H"
#0 /var/www/tic.soporte.com/app/Controllers/Home.php(231): CodeIgniter\Debug\Exceptions->errorHandler()
#1 /var/www/tic.soporte.com/system/CodeIgniter.php(825): App\Controllers\Home->bag()
#2 /var/www/tic.soporte.com/system/CodeIgniter.php(412): CodeIgniter\CodeIgniter->runController()
#3 /var/www/tic.soporte.com/system/CodeIgniter.php(320): CodeIgniter\CodeIgniter->handleRequest()
#4 /var/www/tic.soporte.com/public/index.php(37): CodeIgniter\CodeIgniter->run()
#5 {main}
CRITICAL - 2023-01-11 17:19:19 --> Undefined array key "CN95DDK16H"
#0 /var/www/tic.soporte.com/app/Controllers/Home.php(231): CodeIgniter\Debug\Exceptions->errorHandler()
#1 /var/www/tic.soporte.com/system/CodeIgniter.php(825): App\Controllers\Home->bag()
#2 /var/www/tic.soporte.com/system/CodeIgniter.php(412): CodeIgniter\CodeIgniter->runController()
#3 /var/www/tic.soporte.com/system/CodeIgniter.php(320): CodeIgniter\CodeIgniter->handleRequest()
#4 /var/www/tic.soporte.com/public/index.php(37): CodeIgniter\CodeIgniter->run()
#5 {main}
CRITICAL - 2023-01-11 17:29:42 --> Attempt to read property "id" on array
#0 /var/www/tic.soporte.com/app/Controllers/Home.php(243): CodeIgniter\Debug\Exceptions->errorHandler()
#1 /var/www/tic.soporte.com/system/CodeIgniter.php(825): App\Controllers\Home->bag()
#2 /var/www/tic.soporte.com/system/CodeIgniter.php(412): CodeIgniter\CodeIgniter->runController()
#3 /var/www/tic.soporte.com/system/CodeIgniter.php(320): CodeIgniter\CodeIgniter->handleRequest()
#4 /var/www/tic.soporte.com/public/index.php(37): CodeIgniter\CodeIgniter->run()
#5 {main}
CRITICAL - 2023-01-11 17:30:13 --> Attempt to read property "nivel" on array
#0 /var/www/tic.soporte.com/app/Controllers/Home.php(243): CodeIgniter\Debug\Exceptions->errorHandler()
#1 /var/www/tic.soporte.com/system/CodeIgniter.php(825): App\Controllers\Home->bag()
#2 /var/www/tic.soporte.com/system/CodeIgniter.php(412): CodeIgniter\CodeIgniter->runController()
#3 /var/www/tic.soporte.com/system/CodeIgniter.php(320): CodeIgniter\CodeIgniter->handleRequest()
#4 /var/www/tic.soporte.com/public/index.php(37): CodeIgniter\CodeIgniter->run()
#5 {main}
CRITICAL - 2023-01-11 17:30:28 --> Array to string conversion
#0 /var/www/tic.soporte.com/app/Controllers/Home.php(242): CodeIgniter\Debug\Exceptions->errorHandler()
#1 /var/www/tic.soporte.com/system/CodeIgniter.php(825): App\Controllers\Home->bag()
#2 /var/www/tic.soporte.com/system/CodeIgniter.php(412): CodeIgniter\CodeIgniter->runController()
#3 /var/www/tic.soporte.com/system/CodeIgniter.php(320): CodeIgniter\CodeIgniter->handleRequest()
#4 /var/www/tic.soporte.com/public/index.php(37): CodeIgniter\CodeIgniter->run()
#5 {main}
