CRITICAL - 2022-12-28 08:01:30 --> Undefined array key "nivel_3"
#0 /srv/CodeIgniter/app/Controllers/Update.php(24): CodeIgniter\Debug\Exceptions->errorHandler()
#1 /srv/CodeIgniter/system/CodeIgniter.php(825): App\Controllers\Update->niveles_componetes()
#2 /srv/CodeIgniter/system/CodeIgniter.php(412): CodeIgniter\CodeIgniter->runController()
#3 /srv/CodeIgniter/system/CodeIgniter.php(320): CodeIgniter\CodeIgniter->handleRequest()
#4 /srv/CodeIgniter/public/index.php(37): CodeIgniter\CodeIgniter->run()
#5 /srv/CodeIgniter/system/Commands/Server/rewrite.php(43): require_once('...')
#6 {main}
CRITICAL - 2022-12-28 08:03:18 --> Undefined array key "check_2"
#0 /srv/CodeIgniter/app/Controllers/Update.php(24): CodeIgniter\Debug\Exceptions->errorHandler()
#1 /srv/CodeIgniter/system/CodeIgniter.php(825): App\Controllers\Update->niveles_componetes()
#2 /srv/CodeIgniter/system/CodeIgniter.php(412): CodeIgniter\CodeIgniter->runController()
#3 /srv/CodeIgniter/system/CodeIgniter.php(320): CodeIgniter\CodeIgniter->handleRequest()
#4 /srv/CodeIgniter/public/index.php(37): CodeIgniter\CodeIgniter->run()
#5 /srv/CodeIgniter/system/Commands/Server/rewrite.php(43): require_once('...')
#6 {main}
CRITICAL - 2022-12-28 08:17:45 --> Undefined array key "check_2"
#0 /srv/CodeIgniter/app/Controllers/Update.php(24): CodeIgniter\Debug\Exceptions->errorHandler()
#1 /srv/CodeIgniter/system/CodeIgniter.php(825): App\Controllers\Update->niveles_componetes()
#2 /srv/CodeIgniter/system/CodeIgniter.php(412): CodeIgniter\CodeIgniter->runController()
#3 /srv/CodeIgniter/system/CodeIgniter.php(320): CodeIgniter\CodeIgniter->handleRequest()
#4 /srv/CodeIgniter/public/index.php(37): CodeIgniter\CodeIgniter->run()
#5 /srv/CodeIgniter/system/Commands/Server/rewrite.php(43): require_once('...')
#6 {main}
CRITICAL - 2022-12-28 08:19:45 --> Undefined array key "check_2"
#0 /srv/CodeIgniter/app/Controllers/Update.php(24): CodeIgniter\Debug\Exceptions->errorHandler()
#1 /srv/CodeIgniter/system/CodeIgniter.php(825): App\Controllers\Update->niveles_componetes()
#2 /srv/CodeIgniter/system/CodeIgniter.php(412): CodeIgniter\CodeIgniter->runController()
#3 /srv/CodeIgniter/system/CodeIgniter.php(320): CodeIgniter\CodeIgniter->handleRequest()
#4 /srv/CodeIgniter/public/index.php(37): CodeIgniter\CodeIgniter->run()
#5 /srv/CodeIgniter/system/Commands/Server/rewrite.php(43): require_once('...')
#6 {main}
CRITICAL - 2022-12-28 08:19:53 --> Undefined array key "check_2"
#0 /srv/CodeIgniter/app/Controllers/Update.php(24): CodeIgniter\Debug\Exceptions->errorHandler()
#1 /srv/CodeIgniter/system/CodeIgniter.php(825): App\Controllers\Update->niveles_componetes()
#2 /srv/CodeIgniter/system/CodeIgniter.php(412): CodeIgniter\CodeIgniter->runController()
#3 /srv/CodeIgniter/system/CodeIgniter.php(320): CodeIgniter\CodeIgniter->handleRequest()
#4 /srv/CodeIgniter/public/index.php(37): CodeIgniter\CodeIgniter->run()
#5 /srv/CodeIgniter/system/Commands/Server/rewrite.php(43): require_once('...')
#6 {main}
CRITICAL - 2022-12-28 13:52:42 --> Undefined property: stdClass::$id
#0 /srv/CodeIgniter/app/Views/empleados.php(37): CodeIgniter\Debug\Exceptions->errorHandler()
#1 /srv/CodeIgniter/system/View/View.php(210): include('...')
#2 /srv/CodeIgniter/system/View/View.php(213): CodeIgniter\View\View->CodeIgniter\View\{closure}()
#3 /srv/CodeIgniter/system/Common.php(1089): CodeIgniter\View\View->render()
#4 /srv/CodeIgniter/app/Controllers/Home.php(69): view()
#5 /srv/CodeIgniter/system/CodeIgniter.php(825): App\Controllers\Home->assignments()
#6 /srv/CodeIgniter/system/CodeIgniter.php(412): CodeIgniter\CodeIgniter->runController()
#7 /srv/CodeIgniter/system/CodeIgniter.php(320): CodeIgniter\CodeIgniter->handleRequest()
#8 /srv/CodeIgniter/public/index.php(37): CodeIgniter\CodeIgniter->run()
#9 /srv/CodeIgniter/system/Commands/Server/rewrite.php(43): require_once('...')
#10 {main}
