CRITICAL - 2022-12-23 11:03:35 --> Controller or its method is not found: Home::components
#0 /srv/CodeIgniter/system/Helpers/url_helper.php(535): CodeIgniter\Router\Exceptions\RouterException::forControllerNotFound()
#1 /srv/CodeIgniter/app/Views/printers.php(23): url_to()
#2 /srv/CodeIgniter/system/View/View.php(210): include('...')
#3 /srv/CodeIgniter/system/View/View.php(213): CodeIgniter\View\View->CodeIgniter\View\{closure}()
#4 /srv/CodeIgniter/system/Common.php(1089): CodeIgniter\View\View->render()
#5 /srv/CodeIgniter/app/Controllers/Home.php(20): view()
#6 /srv/CodeIgniter/system/CodeIgniter.php(825): App\Controllers\Home->printers()
#7 /srv/CodeIgniter/system/CodeIgniter.php(412): CodeIgniter\CodeIgniter->runController()
#8 /srv/CodeIgniter/system/CodeIgniter.php(320): CodeIgniter\CodeIgniter->handleRequest()
#9 /srv/CodeIgniter/public/index.php(37): CodeIgniter\CodeIgniter->run()
#10 /srv/CodeIgniter/system/Commands/Server/rewrite.php(43): require_once('...')
#11 {main}
CRITICAL - 2022-12-23 11:04:19 --> Controller or its method is not found: Home::components
#0 /srv/CodeIgniter/system/Helpers/url_helper.php(535): CodeIgniter\Router\Exceptions\RouterException::forControllerNotFound()
#1 /srv/CodeIgniter/app/Views/printers.php(23): url_to()
#2 /srv/CodeIgniter/system/View/View.php(210): include('...')
#3 /srv/CodeIgniter/system/View/View.php(213): CodeIgniter\View\View->CodeIgniter\View\{closure}()
#4 /srv/CodeIgniter/system/Common.php(1089): CodeIgniter\View\View->render()
#5 /srv/CodeIgniter/app/Controllers/Home.php(20): view()
#6 /srv/CodeIgniter/system/CodeIgniter.php(825): App\Controllers\Home->printers()
#7 /srv/CodeIgniter/system/CodeIgniter.php(412): CodeIgniter\CodeIgniter->runController()
#8 /srv/CodeIgniter/system/CodeIgniter.php(320): CodeIgniter\CodeIgniter->handleRequest()
#9 /srv/CodeIgniter/public/index.php(37): CodeIgniter\CodeIgniter->run()
#10 /srv/CodeIgniter/system/Commands/Server/rewrite.php(43): require_once('...')
#11 {main}
CRITICAL - 2022-12-23 11:04:20 --> Controller or its method is not found: Home::components
#0 /srv/CodeIgniter/system/Helpers/url_helper.php(535): CodeIgniter\Router\Exceptions\RouterException::forControllerNotFound()
#1 /srv/CodeIgniter/app/Views/printers.php(23): url_to()
#2 /srv/CodeIgniter/system/View/View.php(210): include('...')
#3 /srv/CodeIgniter/system/View/View.php(213): CodeIgniter\View\View->CodeIgniter\View\{closure}()
#4 /srv/CodeIgniter/system/Common.php(1089): CodeIgniter\View\View->render()
#5 /srv/CodeIgniter/app/Controllers/Home.php(20): view()
#6 /srv/CodeIgniter/system/CodeIgniter.php(825): App\Controllers\Home->printers()
#7 /srv/CodeIgniter/system/CodeIgniter.php(412): CodeIgniter\CodeIgniter->runController()
#8 /srv/CodeIgniter/system/CodeIgniter.php(320): CodeIgniter\CodeIgniter->handleRequest()
#9 /srv/CodeIgniter/public/index.php(37): CodeIgniter\CodeIgniter->run()
#10 /srv/CodeIgniter/system/Commands/Server/rewrite.php(43): require_once('...')
#11 {main}
CRITICAL - 2022-12-23 11:05:55 --> Controller or its method is not found: Home::components
#0 /srv/CodeIgniter/system/Helpers/url_helper.php(535): CodeIgniter\Router\Exceptions\RouterException::forControllerNotFound()
#1 /srv/CodeIgniter/app/Views/printers.php(23): url_to()
#2 /srv/CodeIgniter/system/View/View.php(210): include('...')
#3 /srv/CodeIgniter/system/View/View.php(213): CodeIgniter\View\View->CodeIgniter\View\{closure}()
#4 /srv/CodeIgniter/system/Common.php(1089): CodeIgniter\View\View->render()
#5 /srv/CodeIgniter/app/Controllers/Home.php(20): view()
#6 /srv/CodeIgniter/system/CodeIgniter.php(825): App\Controllers\Home->printers()
#7 /srv/CodeIgniter/system/CodeIgniter.php(412): CodeIgniter\CodeIgniter->runController()
#8 /srv/CodeIgniter/system/CodeIgniter.php(320): CodeIgniter\CodeIgniter->handleRequest()
#9 /srv/CodeIgniter/public/index.php(37): CodeIgniter\CodeIgniter->run()
#10 /srv/CodeIgniter/system/Commands/Server/rewrite.php(43): require_once('...')
#11 {main}
CRITICAL - 2022-12-23 11:06:30 --> /printer-components/1 route cannot be found while reverse-routing.
#0 /srv/CodeIgniter/system/Helpers/url_helper.php(538): CodeIgniter\Router\Exceptions\RouterException::forInvalidRoute()
#1 /srv/CodeIgniter/app/Views/printers.php(23): url_to()
#2 /srv/CodeIgniter/system/View/View.php(210): include('...')
#3 /srv/CodeIgniter/system/View/View.php(213): CodeIgniter\View\View->CodeIgniter\View\{closure}()
#4 /srv/CodeIgniter/system/Common.php(1089): CodeIgniter\View\View->render()
#5 /srv/CodeIgniter/app/Controllers/Home.php(20): view()
#6 /srv/CodeIgniter/system/CodeIgniter.php(825): App\Controllers\Home->printers()
#7 /srv/CodeIgniter/system/CodeIgniter.php(412): CodeIgniter\CodeIgniter->runController()
#8 /srv/CodeIgniter/system/CodeIgniter.php(320): CodeIgniter\CodeIgniter->handleRequest()
#9 /srv/CodeIgniter/public/index.php(37): CodeIgniter\CodeIgniter->run()
#10 /srv/CodeIgniter/system/Commands/Server/rewrite.php(43): require_once('...')
#11 {main}
CRITICAL - 2022-12-23 11:06:39 --> printer-components/1 route cannot be found while reverse-routing.
#0 /srv/CodeIgniter/system/Helpers/url_helper.php(538): CodeIgniter\Router\Exceptions\RouterException::forInvalidRoute()
#1 /srv/CodeIgniter/app/Views/printers.php(23): url_to()
#2 /srv/CodeIgniter/system/View/View.php(210): include('...')
#3 /srv/CodeIgniter/system/View/View.php(213): CodeIgniter\View\View->CodeIgniter\View\{closure}()
#4 /srv/CodeIgniter/system/Common.php(1089): CodeIgniter\View\View->render()
#5 /srv/CodeIgniter/app/Controllers/Home.php(20): view()
#6 /srv/CodeIgniter/system/CodeIgniter.php(825): App\Controllers\Home->printers()
#7 /srv/CodeIgniter/system/CodeIgniter.php(412): CodeIgniter\CodeIgniter->runController()
#8 /srv/CodeIgniter/system/CodeIgniter.php(320): CodeIgniter\CodeIgniter->handleRequest()
#9 /srv/CodeIgniter/public/index.php(37): CodeIgniter\CodeIgniter->run()
#10 /srv/CodeIgniter/system/Commands/Server/rewrite.php(43): require_once('...')
#11 {main}
CRITICAL - 2022-12-23 11:08:11 --> Controller or its method is not found: Home::printers
#0 /srv/CodeIgniter/system/Helpers/url_helper.php(535): CodeIgniter\Router\Exceptions\RouterException::forControllerNotFound()
#1 /srv/CodeIgniter/app/Views/printers.php(23): url_to()
#2 /srv/CodeIgniter/system/View/View.php(210): include('...')
#3 /srv/CodeIgniter/system/View/View.php(213): CodeIgniter\View\View->CodeIgniter\View\{closure}()
#4 /srv/CodeIgniter/system/Common.php(1089): CodeIgniter\View\View->render()
#5 /srv/CodeIgniter/app/Controllers/Home.php(20): view()
#6 /srv/CodeIgniter/system/CodeIgniter.php(825): App\Controllers\Home->printers()
#7 /srv/CodeIgniter/system/CodeIgniter.php(412): CodeIgniter\CodeIgniter->runController()
#8 /srv/CodeIgniter/system/CodeIgniter.php(320): CodeIgniter\CodeIgniter->handleRequest()
#9 /srv/CodeIgniter/public/index.php(37): CodeIgniter\CodeIgniter->run()
#10 /srv/CodeIgniter/system/Commands/Server/rewrite.php(43): require_once('...')
#11 {main}
CRITICAL - 2022-12-23 11:08:55 --> Controller or its method is not found: Home::index
#0 /srv/CodeIgniter/system/Helpers/url_helper.php(535): CodeIgniter\Router\Exceptions\RouterException::forControllerNotFound()
#1 /srv/CodeIgniter/app/Views/printers.php(23): url_to()
#2 /srv/CodeIgniter/system/View/View.php(210): include('...')
#3 /srv/CodeIgniter/system/View/View.php(213): CodeIgniter\View\View->CodeIgniter\View\{closure}()
#4 /srv/CodeIgniter/system/Common.php(1089): CodeIgniter\View\View->render()
#5 /srv/CodeIgniter/app/Controllers/Home.php(20): view()
#6 /srv/CodeIgniter/system/CodeIgniter.php(825): App\Controllers\Home->printers()
#7 /srv/CodeIgniter/system/CodeIgniter.php(412): CodeIgniter\CodeIgniter->runController()
#8 /srv/CodeIgniter/system/CodeIgniter.php(320): CodeIgniter\CodeIgniter->handleRequest()
#9 /srv/CodeIgniter/public/index.php(37): CodeIgniter\CodeIgniter->run()
#10 /srv/CodeIgniter/system/Commands/Server/rewrite.php(43): require_once('...')
#11 {main}
CRITICAL - 2022-12-23 11:48:09 --> Call to undefined method CodeIgniter\Database\MySQLi\Result::findAll()
#0 /srv/CodeIgniter/system/CodeIgniter.php(825): App\Controllers\Home->components()
#1 /srv/CodeIgniter/system/CodeIgniter.php(412): CodeIgniter\CodeIgniter->runController()
#2 /srv/CodeIgniter/system/CodeIgniter.php(320): CodeIgniter\CodeIgniter->handleRequest()
#3 /srv/CodeIgniter/public/index.php(37): CodeIgniter\CodeIgniter->run()
#4 /srv/CodeIgniter/system/Commands/Server/rewrite.php(43): require_once('...')
#5 {main}
CRITICAL - 2022-12-23 11:49:33 --> Call to undefined method CodeIgniter\Database\MySQLi\Result::countAll()
#0 /srv/CodeIgniter/system/CodeIgniter.php(825): App\Controllers\Home->components()
#1 /srv/CodeIgniter/system/CodeIgniter.php(412): CodeIgniter\CodeIgniter->runController()
#2 /srv/CodeIgniter/system/CodeIgniter.php(320): CodeIgniter\CodeIgniter->handleRequest()
#3 /srv/CodeIgniter/public/index.php(37): CodeIgniter\CodeIgniter->run()
#4 /srv/CodeIgniter/system/Commands/Server/rewrite.php(43): require_once('...')
#5 {main}
CRITICAL - 2022-12-23 11:49:52 --> Call to undefined method CodeIgniter\Database\MySQLi\Result::countAllResults()
#0 /srv/CodeIgniter/system/CodeIgniter.php(825): App\Controllers\Home->components()
#1 /srv/CodeIgniter/system/CodeIgniter.php(412): CodeIgniter\CodeIgniter->runController()
#2 /srv/CodeIgniter/system/CodeIgniter.php(320): CodeIgniter\CodeIgniter->handleRequest()
#3 /srv/CodeIgniter/public/index.php(37): CodeIgniter\CodeIgniter->run()
#4 /srv/CodeIgniter/system/Commands/Server/rewrite.php(43): require_once('...')
#5 {main}
CRITICAL - 2022-12-23 11:50:33 --> Call to undefined method CodeIgniter\Database\MySQLi\Result::getResults()
#0 /srv/CodeIgniter/system/CodeIgniter.php(825): App\Controllers\Home->components()
#1 /srv/CodeIgniter/system/CodeIgniter.php(412): CodeIgniter\CodeIgniter->runController()
#2 /srv/CodeIgniter/system/CodeIgniter.php(320): CodeIgniter\CodeIgniter->handleRequest()
#3 /srv/CodeIgniter/public/index.php(37): CodeIgniter\CodeIgniter->run()
#4 /srv/CodeIgniter/system/Commands/Server/rewrite.php(43): require_once('...')
#5 {main}
CRITICAL - 2022-12-23 11:50:34 --> Call to undefined method CodeIgniter\Database\MySQLi\Result::getResults()
#0 /srv/CodeIgniter/system/CodeIgniter.php(825): App\Controllers\Home->components()
#1 /srv/CodeIgniter/system/CodeIgniter.php(412): CodeIgniter\CodeIgniter->runController()
#2 /srv/CodeIgniter/system/CodeIgniter.php(320): CodeIgniter\CodeIgniter->handleRequest()
#3 /srv/CodeIgniter/public/index.php(37): CodeIgniter\CodeIgniter->run()
#4 /srv/CodeIgniter/system/Commands/Server/rewrite.php(43): require_once('...')
#5 {main}
CRITICAL - 2022-12-23 11:50:51 --> Call to undefined method CodeIgniter\Database\MySQLi\Result::getResults()
#0 /srv/CodeIgniter/system/CodeIgniter.php(825): App\Controllers\Home->components()
#1 /srv/CodeIgniter/system/CodeIgniter.php(412): CodeIgniter\CodeIgniter->runController()
#2 /srv/CodeIgniter/system/CodeIgniter.php(320): CodeIgniter\CodeIgniter->handleRequest()
#3 /srv/CodeIgniter/public/index.php(37): CodeIgniter\CodeIgniter->run()
#4 /srv/CodeIgniter/system/Commands/Server/rewrite.php(43): require_once('...')
#5 {main}
CRITICAL - 2022-12-23 13:17:57 --> Undefined variable $impresora
#0 /srv/CodeIgniter/app/Views/printer-components.php(8): CodeIgniter\Debug\Exceptions->errorHandler()
#1 /srv/CodeIgniter/system/View/View.php(210): include('...')
#2 /srv/CodeIgniter/system/View/View.php(213): CodeIgniter\View\View->CodeIgniter\View\{closure}()
#3 /srv/CodeIgniter/system/Common.php(1089): CodeIgniter\View\View->render()
#4 /srv/CodeIgniter/app/Controllers/Home.php(30): view()
#5 /srv/CodeIgniter/system/CodeIgniter.php(825): App\Controllers\Home->components()
#6 /srv/CodeIgniter/system/CodeIgniter.php(412): CodeIgniter\CodeIgniter->runController()
#7 /srv/CodeIgniter/system/CodeIgniter.php(320): CodeIgniter\CodeIgniter->handleRequest()
#8 /srv/CodeIgniter/public/index.php(37): CodeIgniter\CodeIgniter->run()
#9 /srv/CodeIgniter/system/Commands/Server/rewrite.php(43): require_once('...')
#10 {main}
CRITICAL - 2022-12-23 13:32:33 --> Undefined variable $id
#0 /srv/CodeIgniter/app/Controllers/Home.php(19): CodeIgniter\Debug\Exceptions->errorHandler()
#1 /srv/CodeIgniter/system/CodeIgniter.php(825): App\Controllers\Home->printers()
#2 /srv/CodeIgniter/system/CodeIgniter.php(412): CodeIgniter\CodeIgniter->runController()
#3 /srv/CodeIgniter/system/CodeIgniter.php(320): CodeIgniter\CodeIgniter->handleRequest()
#4 /srv/CodeIgniter/public/index.php(37): CodeIgniter\CodeIgniter->run()
#5 /srv/CodeIgniter/system/Commands/Server/rewrite.php(43): require_once('...')
#6 {main}
