CRITICAL - 2022-12-27 10:32:17 --> Controller or its method is not found: \App\Controllers\Home::printers
#0 /srv/CodeIgniter/system/Helpers/url_helper.php(535): CodeIgniter\Router\Exceptions\RouterException::forControllerNotFound()
#1 /srv/CodeIgniter/app/Views/baselayout.php(23): url_to()
#2 /srv/CodeIgniter/system/View/View.php(210): include('...')
#3 /srv/CodeIgniter/system/View/View.php(213): CodeIgniter\View\View->CodeIgniter\View\{closure}()
#4 /srv/CodeIgniter/system/View/View.php(226): CodeIgniter\View\View->render()
#5 /srv/CodeIgniter/system/Common.php(1089): CodeIgniter\View\View->render()
#6 /srv/CodeIgniter/app/Controllers/Home.php(22): view()
#7 /srv/CodeIgniter/system/CodeIgniter.php(825): App\Controllers\Home->printers()
#8 /srv/CodeIgniter/system/CodeIgniter.php(412): CodeIgniter\CodeIgniter->runController()
#9 /srv/CodeIgniter/system/CodeIgniter.php(320): CodeIgniter\CodeIgniter->handleRequest()
#10 /srv/CodeIgniter/public/index.php(37): CodeIgniter\CodeIgniter->run()
#11 /srv/CodeIgniter/system/Commands/Server/rewrite.php(43): require_once('...')
#12 {main}
CRITICAL - 2022-12-27 10:33:04 --> Controller or its method is not found: \App\Controllers\Home::printers
#0 /srv/CodeIgniter/system/Helpers/url_helper.php(535): CodeIgniter\Router\Exceptions\RouterException::forControllerNotFound()
#1 /srv/CodeIgniter/app/Views/baselayout.php(23): url_to()
#2 /srv/CodeIgniter/system/View/View.php(210): include('...')
#3 /srv/CodeIgniter/system/View/View.php(213): CodeIgniter\View\View->CodeIgniter\View\{closure}()
#4 /srv/CodeIgniter/system/View/View.php(226): CodeIgniter\View\View->render()
#5 /srv/CodeIgniter/system/Common.php(1089): CodeIgniter\View\View->render()
#6 /srv/CodeIgniter/app/Controllers/Home.php(22): view()
#7 /srv/CodeIgniter/system/CodeIgniter.php(825): App\Controllers\Home->printers()
#8 /srv/CodeIgniter/system/CodeIgniter.php(412): CodeIgniter\CodeIgniter->runController()
#9 /srv/CodeIgniter/system/CodeIgniter.php(320): CodeIgniter\CodeIgniter->handleRequest()
#10 /srv/CodeIgniter/public/index.php(37): CodeIgniter\CodeIgniter->run()
#11 /srv/CodeIgniter/system/Commands/Server/rewrite.php(43): require_once('...')
#12 {main}
CRITICAL - 2022-12-27 10:33:06 --> Controller or its method is not found: \App\Controllers\Home::printers
#0 /srv/CodeIgniter/system/Helpers/url_helper.php(535): CodeIgniter\Router\Exceptions\RouterException::forControllerNotFound()
#1 /srv/CodeIgniter/app/Views/baselayout.php(23): url_to()
#2 /srv/CodeIgniter/system/View/View.php(210): include('...')
#3 /srv/CodeIgniter/system/View/View.php(213): CodeIgniter\View\View->CodeIgniter\View\{closure}()
#4 /srv/CodeIgniter/system/View/View.php(226): CodeIgniter\View\View->render()
#5 /srv/CodeIgniter/system/Common.php(1089): CodeIgniter\View\View->render()
#6 /srv/CodeIgniter/app/Controllers/Home.php(22): view()
#7 /srv/CodeIgniter/system/CodeIgniter.php(825): App\Controllers\Home->printers()
#8 /srv/CodeIgniter/system/CodeIgniter.php(412): CodeIgniter\CodeIgniter->runController()
#9 /srv/CodeIgniter/system/CodeIgniter.php(320): CodeIgniter\CodeIgniter->handleRequest()
#10 /srv/CodeIgniter/public/index.php(37): CodeIgniter\CodeIgniter->run()
#11 /srv/CodeIgniter/system/Commands/Server/rewrite.php(43): require_once('...')
#12 {main}
CRITICAL - 2022-12-27 10:33:06 --> Controller or its method is not found: \App\Controllers\Home::printers
#0 /srv/CodeIgniter/system/Helpers/url_helper.php(535): CodeIgniter\Router\Exceptions\RouterException::forControllerNotFound()
#1 /srv/CodeIgniter/app/Views/baselayout.php(23): url_to()
#2 /srv/CodeIgniter/system/View/View.php(210): include('...')
#3 /srv/CodeIgniter/system/View/View.php(213): CodeIgniter\View\View->CodeIgniter\View\{closure}()
#4 /srv/CodeIgniter/system/View/View.php(226): CodeIgniter\View\View->render()
#5 /srv/CodeIgniter/system/Common.php(1089): CodeIgniter\View\View->render()
#6 /srv/CodeIgniter/app/Controllers/Home.php(22): view()
#7 /srv/CodeIgniter/system/CodeIgniter.php(825): App\Controllers\Home->printers()
#8 /srv/CodeIgniter/system/CodeIgniter.php(412): CodeIgniter\CodeIgniter->runController()
#9 /srv/CodeIgniter/system/CodeIgniter.php(320): CodeIgniter\CodeIgniter->handleRequest()
#10 /srv/CodeIgniter/public/index.php(37): CodeIgniter\CodeIgniter->run()
#11 /srv/CodeIgniter/system/Commands/Server/rewrite.php(43): require_once('...')
#12 {main}
CRITICAL - 2022-12-27 10:34:05 --> Controller or its method is not found: \App\Controllers\Home::printers
#0 /srv/CodeIgniter/system/Helpers/url_helper.php(535): CodeIgniter\Router\Exceptions\RouterException::forControllerNotFound()
#1 /srv/CodeIgniter/app/Views/baselayout.php(23): url_to()
#2 /srv/CodeIgniter/system/View/View.php(210): include('...')
#3 /srv/CodeIgniter/system/View/View.php(213): CodeIgniter\View\View->CodeIgniter\View\{closure}()
#4 /srv/CodeIgniter/system/View/View.php(226): CodeIgniter\View\View->render()
#5 /srv/CodeIgniter/system/Common.php(1089): CodeIgniter\View\View->render()
#6 /srv/CodeIgniter/app/Controllers/Home.php(22): view()
#7 /srv/CodeIgniter/system/CodeIgniter.php(825): App\Controllers\Home->printers()
#8 /srv/CodeIgniter/system/CodeIgniter.php(412): CodeIgniter\CodeIgniter->runController()
#9 /srv/CodeIgniter/system/CodeIgniter.php(320): CodeIgniter\CodeIgniter->handleRequest()
#10 /srv/CodeIgniter/public/index.php(37): CodeIgniter\CodeIgniter->run()
#11 /srv/CodeIgniter/system/Commands/Server/rewrite.php(43): require_once('...')
#12 {main}
CRITICAL - 2022-12-27 10:34:07 --> Controller or its method is not found: \App\Controllers\Home::printers
#0 /srv/CodeIgniter/system/Helpers/url_helper.php(535): CodeIgniter\Router\Exceptions\RouterException::forControllerNotFound()
#1 /srv/CodeIgniter/app/Views/baselayout.php(23): url_to()
#2 /srv/CodeIgniter/system/View/View.php(210): include('...')
#3 /srv/CodeIgniter/system/View/View.php(213): CodeIgniter\View\View->CodeIgniter\View\{closure}()
#4 /srv/CodeIgniter/system/View/View.php(226): CodeIgniter\View\View->render()
#5 /srv/CodeIgniter/system/Common.php(1089): CodeIgniter\View\View->render()
#6 /srv/CodeIgniter/app/Controllers/Home.php(22): view()
#7 /srv/CodeIgniter/system/CodeIgniter.php(825): App\Controllers\Home->printers()
#8 /srv/CodeIgniter/system/CodeIgniter.php(412): CodeIgniter\CodeIgniter->runController()
#9 /srv/CodeIgniter/system/CodeIgniter.php(320): CodeIgniter\CodeIgniter->handleRequest()
#10 /srv/CodeIgniter/public/index.php(37): CodeIgniter\CodeIgniter->run()
#11 /srv/CodeIgniter/system/Commands/Server/rewrite.php(43): require_once('...')
#12 {main}
CRITICAL - 2022-12-27 10:34:07 --> Controller or its method is not found: \App\Controllers\Home::printers
#0 /srv/CodeIgniter/system/Helpers/url_helper.php(535): CodeIgniter\Router\Exceptions\RouterException::forControllerNotFound()
#1 /srv/CodeIgniter/app/Views/baselayout.php(23): url_to()
#2 /srv/CodeIgniter/system/View/View.php(210): include('...')
#3 /srv/CodeIgniter/system/View/View.php(213): CodeIgniter\View\View->CodeIgniter\View\{closure}()
#4 /srv/CodeIgniter/system/View/View.php(226): CodeIgniter\View\View->render()
#5 /srv/CodeIgniter/system/Common.php(1089): CodeIgniter\View\View->render()
#6 /srv/CodeIgniter/app/Controllers/Home.php(22): view()
#7 /srv/CodeIgniter/system/CodeIgniter.php(825): App\Controllers\Home->printers()
#8 /srv/CodeIgniter/system/CodeIgniter.php(412): CodeIgniter\CodeIgniter->runController()
#9 /srv/CodeIgniter/system/CodeIgniter.php(320): CodeIgniter\CodeIgniter->handleRequest()
#10 /srv/CodeIgniter/public/index.php(37): CodeIgniter\CodeIgniter->run()
#11 /srv/CodeIgniter/system/Commands/Server/rewrite.php(43): require_once('...')
#12 {main}
CRITICAL - 2022-12-27 10:34:08 --> Controller or its method is not found: \App\Controllers\Home::printers
#0 /srv/CodeIgniter/system/Helpers/url_helper.php(535): CodeIgniter\Router\Exceptions\RouterException::forControllerNotFound()
#1 /srv/CodeIgniter/app/Views/baselayout.php(23): url_to()
#2 /srv/CodeIgniter/system/View/View.php(210): include('...')
#3 /srv/CodeIgniter/system/View/View.php(213): CodeIgniter\View\View->CodeIgniter\View\{closure}()
#4 /srv/CodeIgniter/system/View/View.php(226): CodeIgniter\View\View->render()
#5 /srv/CodeIgniter/system/Common.php(1089): CodeIgniter\View\View->render()
#6 /srv/CodeIgniter/app/Controllers/Home.php(22): view()
#7 /srv/CodeIgniter/system/CodeIgniter.php(825): App\Controllers\Home->printers()
#8 /srv/CodeIgniter/system/CodeIgniter.php(412): CodeIgniter\CodeIgniter->runController()
#9 /srv/CodeIgniter/system/CodeIgniter.php(320): CodeIgniter\CodeIgniter->handleRequest()
#10 /srv/CodeIgniter/public/index.php(37): CodeIgniter\CodeIgniter->run()
#11 /srv/CodeIgniter/system/Commands/Server/rewrite.php(43): require_once('...')
#12 {main}
CRITICAL - 2022-12-27 10:34:09 --> Controller or its method is not found: \App\Controllers\Home::printers
#0 /srv/CodeIgniter/system/Helpers/url_helper.php(535): CodeIgniter\Router\Exceptions\RouterException::forControllerNotFound()
#1 /srv/CodeIgniter/app/Views/baselayout.php(23): url_to()
#2 /srv/CodeIgniter/system/View/View.php(210): include('...')
#3 /srv/CodeIgniter/system/View/View.php(213): CodeIgniter\View\View->CodeIgniter\View\{closure}()
#4 /srv/CodeIgniter/system/View/View.php(226): CodeIgniter\View\View->render()
#5 /srv/CodeIgniter/system/Common.php(1089): CodeIgniter\View\View->render()
#6 /srv/CodeIgniter/app/Controllers/Home.php(22): view()
#7 /srv/CodeIgniter/system/CodeIgniter.php(825): App\Controllers\Home->printers()
#8 /srv/CodeIgniter/system/CodeIgniter.php(412): CodeIgniter\CodeIgniter->runController()
#9 /srv/CodeIgniter/system/CodeIgniter.php(320): CodeIgniter\CodeIgniter->handleRequest()
#10 /srv/CodeIgniter/public/index.php(37): CodeIgniter\CodeIgniter->run()
#11 /srv/CodeIgniter/system/Commands/Server/rewrite.php(43): require_once('...')
#12 {main}
CRITICAL - 2022-12-27 10:35:13 --> Controller or its method is not found: \App\Controllers\Home::printers
#0 /srv/CodeIgniter/system/Helpers/url_helper.php(535): CodeIgniter\Router\Exceptions\RouterException::forControllerNotFound()
#1 /srv/CodeIgniter/app/Views/baselayout.php(23): url_to()
#2 /srv/CodeIgniter/system/View/View.php(210): include('...')
#3 /srv/CodeIgniter/system/View/View.php(213): CodeIgniter\View\View->CodeIgniter\View\{closure}()
#4 /srv/CodeIgniter/system/View/View.php(226): CodeIgniter\View\View->render()
#5 /srv/CodeIgniter/system/Common.php(1089): CodeIgniter\View\View->render()
#6 /srv/CodeIgniter/app/Controllers/Home.php(22): view()
#7 /srv/CodeIgniter/system/CodeIgniter.php(825): App\Controllers\Home->printers()
#8 /srv/CodeIgniter/system/CodeIgniter.php(412): CodeIgniter\CodeIgniter->runController()
#9 /srv/CodeIgniter/system/CodeIgniter.php(320): CodeIgniter\CodeIgniter->handleRequest()
#10 /srv/CodeIgniter/public/index.php(37): CodeIgniter\CodeIgniter->run()
#11 /srv/CodeIgniter/system/Commands/Server/rewrite.php(43): require_once('...')
#12 {main}
CRITICAL - 2022-12-27 10:35:31 --> Controller or its method is not found: \App\Controllers\Home::printers
#0 /srv/CodeIgniter/system/Helpers/url_helper.php(535): CodeIgniter\Router\Exceptions\RouterException::forControllerNotFound()
#1 /srv/CodeIgniter/app/Views/baselayout.php(23): url_to()
#2 /srv/CodeIgniter/system/View/View.php(210): include('...')
#3 /srv/CodeIgniter/system/View/View.php(213): CodeIgniter\View\View->CodeIgniter\View\{closure}()
#4 /srv/CodeIgniter/system/View/View.php(226): CodeIgniter\View\View->render()
#5 /srv/CodeIgniter/system/Common.php(1089): CodeIgniter\View\View->render()
#6 /srv/CodeIgniter/app/Controllers/Home.php(22): view()
#7 /srv/CodeIgniter/system/CodeIgniter.php(825): App\Controllers\Home->printers()
#8 /srv/CodeIgniter/system/CodeIgniter.php(412): CodeIgniter\CodeIgniter->runController()
#9 /srv/CodeIgniter/system/CodeIgniter.php(320): CodeIgniter\CodeIgniter->handleRequest()
#10 /srv/CodeIgniter/public/index.php(37): CodeIgniter\CodeIgniter->run()
#11 /srv/CodeIgniter/system/Commands/Server/rewrite.php(43): require_once('...')
#12 {main}
CRITICAL - 2022-12-27 10:35:53 --> Controller or its method is not found: \App\Controllers\Home::printers
#0 /srv/CodeIgniter/system/Helpers/url_helper.php(535): CodeIgniter\Router\Exceptions\RouterException::forControllerNotFound()
#1 /srv/CodeIgniter/app/Views/baselayout.php(23): url_to()
#2 /srv/CodeIgniter/system/View/View.php(210): include('...')
#3 /srv/CodeIgniter/system/View/View.php(213): CodeIgniter\View\View->CodeIgniter\View\{closure}()
#4 /srv/CodeIgniter/system/View/View.php(226): CodeIgniter\View\View->render()
#5 /srv/CodeIgniter/system/Common.php(1089): CodeIgniter\View\View->render()
#6 /srv/CodeIgniter/app/Controllers/Home.php(22): view()
#7 /srv/CodeIgniter/system/CodeIgniter.php(825): App\Controllers\Home->printers()
#8 /srv/CodeIgniter/system/CodeIgniter.php(412): CodeIgniter\CodeIgniter->runController()
#9 /srv/CodeIgniter/system/CodeIgniter.php(320): CodeIgniter\CodeIgniter->handleRequest()
#10 /srv/CodeIgniter/public/index.php(37): CodeIgniter\CodeIgniter->run()
#11 /srv/CodeIgniter/system/Commands/Server/rewrite.php(43): require_once('...')
#12 {main}
CRITICAL - 2022-12-27 10:36:10 --> Controller or its method is not found: \App\Controllers\Home::printers
#0 /srv/CodeIgniter/system/Helpers/url_helper.php(535): CodeIgniter\Router\Exceptions\RouterException::forControllerNotFound()
#1 /srv/CodeIgniter/app/Views/baselayout.php(23): url_to()
#2 /srv/CodeIgniter/system/View/View.php(210): include('...')
#3 /srv/CodeIgniter/system/View/View.php(213): CodeIgniter\View\View->CodeIgniter\View\{closure}()
#4 /srv/CodeIgniter/system/View/View.php(226): CodeIgniter\View\View->render()
#5 /srv/CodeIgniter/system/Common.php(1089): CodeIgniter\View\View->render()
#6 /srv/CodeIgniter/app/Controllers/Home.php(22): view()
#7 /srv/CodeIgniter/system/CodeIgniter.php(825): App\Controllers\Home->printers()
#8 /srv/CodeIgniter/system/CodeIgniter.php(412): CodeIgniter\CodeIgniter->runController()
#9 /srv/CodeIgniter/system/CodeIgniter.php(320): CodeIgniter\CodeIgniter->handleRequest()
#10 /srv/CodeIgniter/public/index.php(37): CodeIgniter\CodeIgniter->run()
#11 /srv/CodeIgniter/system/Commands/Server/rewrite.php(43): require_once('...')
#12 {main}
CRITICAL - 2022-12-27 10:42:44 --> Too few arguments to function App\Controllers\Home::printers(), 0 passed in /srv/CodeIgniter/system/CodeIgniter.php on line 825 and exactly 1 expected
#0 /srv/CodeIgniter/system/CodeIgniter.php(825): App\Controllers\Home->printers()
#1 /srv/CodeIgniter/system/CodeIgniter.php(412): CodeIgniter\CodeIgniter->runController()
#2 /srv/CodeIgniter/system/CodeIgniter.php(320): CodeIgniter\CodeIgniter->handleRequest()
#3 /srv/CodeIgniter/public/index.php(37): CodeIgniter\CodeIgniter->run()
#4 /srv/CodeIgniter/system/Commands/Server/rewrite.php(43): require_once('...')
#5 {main}
CRITICAL - 2022-12-27 10:42:56 --> Too few arguments to function App\Controllers\Home::printers(), 0 passed in /srv/CodeIgniter/system/CodeIgniter.php on line 825 and exactly 1 expected
#0 /srv/CodeIgniter/system/CodeIgniter.php(825): App\Controllers\Home->printers()
#1 /srv/CodeIgniter/system/CodeIgniter.php(412): CodeIgniter\CodeIgniter->runController()
#2 /srv/CodeIgniter/system/CodeIgniter.php(320): CodeIgniter\CodeIgniter->handleRequest()
#3 /srv/CodeIgniter/public/index.php(37): CodeIgniter\CodeIgniter->run()
#4 /srv/CodeIgniter/system/Commands/Server/rewrite.php(43): require_once('...')
#5 {main}
CRITICAL - 2022-12-27 11:32:03 --> Undefined array key "id_impresora"
#0 /srv/CodeIgniter/app/Controllers/Update.php(12): CodeIgniter\Debug\Exceptions->errorHandler()
#1 /srv/CodeIgniter/system/CodeIgniter.php(825): App\Controllers\Update->niveles_componetes()
#2 /srv/CodeIgniter/system/CodeIgniter.php(412): CodeIgniter\CodeIgniter->runController()
#3 /srv/CodeIgniter/system/CodeIgniter.php(320): CodeIgniter\CodeIgniter->handleRequest()
#4 /srv/CodeIgniter/public/index.php(37): CodeIgniter\CodeIgniter->run()
#5 /srv/CodeIgniter/system/Commands/Server/rewrite.php(43): require_once('...')
#6 {main}
CRITICAL - 2022-12-27 11:55:32 -->  route cannot be found while reverse-routing.
#0 /srv/CodeIgniter/system/HTTP/RedirectResponse.php(56): CodeIgniter\HTTP\Exceptions\HTTPException::forInvalidRedirectRoute()
#1 /srv/CodeIgniter/system/Common.php(832): CodeIgniter\HTTP\RedirectResponse->route()
#2 /srv/CodeIgniter/app/Controllers/Update.php(34): redirect()
#3 /srv/CodeIgniter/system/CodeIgniter.php(825): App\Controllers\Update->niveles_componetes()
#4 /srv/CodeIgniter/system/CodeIgniter.php(412): CodeIgniter\CodeIgniter->runController()
#5 /srv/CodeIgniter/system/CodeIgniter.php(320): CodeIgniter\CodeIgniter->handleRequest()
#6 /srv/CodeIgniter/public/index.php(37): CodeIgniter\CodeIgniter->run()
#7 /srv/CodeIgniter/system/Commands/Server/rewrite.php(43): require_once('...')
#8 {main}
CRITICAL - 2022-12-27 11:56:30 -->  route cannot be found while reverse-routing.
#0 /srv/CodeIgniter/system/HTTP/RedirectResponse.php(56): CodeIgniter\HTTP\Exceptions\HTTPException::forInvalidRedirectRoute()
#1 /srv/CodeIgniter/system/Common.php(832): CodeIgniter\HTTP\RedirectResponse->route()
#2 /srv/CodeIgniter/app/Controllers/Update.php(34): redirect()
#3 /srv/CodeIgniter/system/CodeIgniter.php(825): App\Controllers\Update->niveles_componetes()
#4 /srv/CodeIgniter/system/CodeIgniter.php(412): CodeIgniter\CodeIgniter->runController()
#5 /srv/CodeIgniter/system/CodeIgniter.php(320): CodeIgniter\CodeIgniter->handleRequest()
#6 /srv/CodeIgniter/public/index.php(37): CodeIgniter\CodeIgniter->run()
#7 /srv/CodeIgniter/system/Commands/Server/rewrite.php(43): require_once('...')
#8 {main}
CRITICAL - 2022-12-27 11:57:16 -->  route cannot be found while reverse-routing.
#0 /srv/CodeIgniter/system/HTTP/RedirectResponse.php(56): CodeIgniter\HTTP\Exceptions\HTTPException::forInvalidRedirectRoute()
#1 /srv/CodeIgniter/system/Common.php(832): CodeIgniter\HTTP\RedirectResponse->route()
#2 /srv/CodeIgniter/app/Controllers/Update.php(34): redirect()
#3 /srv/CodeIgniter/system/CodeIgniter.php(825): App\Controllers\Update->niveles_componetes()
#4 /srv/CodeIgniter/system/CodeIgniter.php(412): CodeIgniter\CodeIgniter->runController()
#5 /srv/CodeIgniter/system/CodeIgniter.php(320): CodeIgniter\CodeIgniter->handleRequest()
#6 /srv/CodeIgniter/public/index.php(37): CodeIgniter\CodeIgniter->run()
#7 /srv/CodeIgniter/system/Commands/Server/rewrite.php(43): require_once('...')
#8 {main}
CRITICAL - 2022-12-27 11:57:27 -->  route cannot be found while reverse-routing.
#0 /srv/CodeIgniter/system/HTTP/RedirectResponse.php(56): CodeIgniter\HTTP\Exceptions\HTTPException::forInvalidRedirectRoute()
#1 /srv/CodeIgniter/system/Common.php(832): CodeIgniter\HTTP\RedirectResponse->route()
#2 /srv/CodeIgniter/app/Controllers/Update.php(34): redirect()
#3 /srv/CodeIgniter/system/CodeIgniter.php(825): App\Controllers\Update->niveles_componetes()
#4 /srv/CodeIgniter/system/CodeIgniter.php(412): CodeIgniter\CodeIgniter->runController()
#5 /srv/CodeIgniter/system/CodeIgniter.php(320): CodeIgniter\CodeIgniter->handleRequest()
#6 /srv/CodeIgniter/public/index.php(37): CodeIgniter\CodeIgniter->run()
#7 /srv/CodeIgniter/system/Commands/Server/rewrite.php(43): require_once('...')
#8 {main}
