CRITICAL - 2022-12-29 08:02:53 --> Controller or its method is not found: \App\Controllers\Home::new-assignment
#0 /srv/CodeIgniter/system/Helpers/url_helper.php(535): CodeIgniter\Router\Exceptions\RouterException::forControllerNotFound()
#1 /srv/CodeIgniter/app/Views/empleados.php(41): url_to()
#2 /srv/CodeIgniter/system/View/View.php(210): include('...')
#3 /srv/CodeIgniter/system/View/View.php(213): CodeIgniter\View\View->CodeIgniter\View\{closure}()
#4 /srv/CodeIgniter/system/Common.php(1089): CodeIgniter\View\View->render()
#5 /srv/CodeIgniter/app/Controllers/Home.php(69): view()
#6 /srv/CodeIgniter/system/CodeIgniter.php(825): App\Controllers\Home->assignments()
#7 /srv/CodeIgniter/system/CodeIgniter.php(412): CodeIgniter\CodeIgniter->runController()
#8 /srv/CodeIgniter/system/CodeIgniter.php(320): CodeIgniter\CodeIgniter->handleRequest()
#9 /srv/CodeIgniter/public/index.php(37): CodeIgniter\CodeIgniter->run()
#10 /srv/CodeIgniter/system/Commands/Server/rewrite.php(43): require_once('...')
#11 {main}
CRITICAL - 2022-12-29 09:02:13 --> Undefined variable $modalidades
#0 /srv/CodeIgniter/app/Views/new-assignment.php(28): CodeIgniter\Debug\Exceptions->errorHandler()
#1 /srv/CodeIgniter/system/View/View.php(210): include('...')
#2 /srv/CodeIgniter/system/View/View.php(213): CodeIgniter\View\View->CodeIgniter\View\{closure}()
#3 /srv/CodeIgniter/system/Common.php(1089): CodeIgniter\View\View->render()
#4 /srv/CodeIgniter/app/Controllers/Home.php(102): view()
#5 /srv/CodeIgniter/system/CodeIgniter.php(825): App\Controllers\Home->newassignment()
#6 /srv/CodeIgniter/system/CodeIgniter.php(412): CodeIgniter\CodeIgniter->runController()
#7 /srv/CodeIgniter/system/CodeIgniter.php(320): CodeIgniter\CodeIgniter->handleRequest()
#8 /srv/CodeIgniter/public/index.php(37): CodeIgniter\CodeIgniter->run()
#9 /srv/CodeIgniter/system/Commands/Server/rewrite.php(43): require_once('...')
#10 {main}
CRITICAL - 2022-12-29 09:02:46 --> Undefined variable $result3
#0 /srv/CodeIgniter/app/Controllers/Home.php(101): CodeIgniter\Debug\Exceptions->errorHandler()
#1 /srv/CodeIgniter/system/CodeIgniter.php(825): App\Controllers\Home->newassignment()
#2 /srv/CodeIgniter/system/CodeIgniter.php(412): CodeIgniter\CodeIgniter->runController()
#3 /srv/CodeIgniter/system/CodeIgniter.php(320): CodeIgniter\CodeIgniter->handleRequest()
#4 /srv/CodeIgniter/public/index.php(37): CodeIgniter\CodeIgniter->run()
#5 /srv/CodeIgniter/system/Commands/Server/rewrite.php(43): require_once('...')
#6 {main}
CRITICAL - 2022-12-29 13:26:17 --> Undefined array key "correo"
#0 /srv/CodeIgniter/app/Controllers/Storage.php(19): CodeIgniter\Debug\Exceptions->errorHandler()
#1 /srv/CodeIgniter/system/CodeIgniter.php(825): App\Controllers\Storage->store_assignment()
#2 /srv/CodeIgniter/system/CodeIgniter.php(412): CodeIgniter\CodeIgniter->runController()
#3 /srv/CodeIgniter/system/CodeIgniter.php(320): CodeIgniter\CodeIgniter->handleRequest()
#4 /srv/CodeIgniter/public/index.php(37): CodeIgniter\CodeIgniter->run()
#5 /srv/CodeIgniter/system/Commands/Server/rewrite.php(43): require_once('...')
#6 {main}
CRITICAL - 2022-12-29 13:43:51 --> Undefined variable $correo
#0 /srv/CodeIgniter/app/Controllers/Storage.php(35): CodeIgniter\Debug\Exceptions->errorHandler()
#1 /srv/CodeIgniter/system/CodeIgniter.php(825): App\Controllers\Storage->store_assignment()
#2 /srv/CodeIgniter/system/CodeIgniter.php(412): CodeIgniter\CodeIgniter->runController()
#3 /srv/CodeIgniter/system/CodeIgniter.php(320): CodeIgniter\CodeIgniter->handleRequest()
#4 /srv/CodeIgniter/public/index.php(37): CodeIgniter\CodeIgniter->run()
#5 /srv/CodeIgniter/system/Commands/Server/rewrite.php(43): require_once('...')
#6 {main}
CRITICAL - 2022-12-29 13:47:00 --> Object of type App\Models\InstrumentoModel is not callable
#0 /srv/CodeIgniter/system/CodeIgniter.php(825): App\Controllers\Storage->store_assignment()
#1 /srv/CodeIgniter/system/CodeIgniter.php(412): CodeIgniter\CodeIgniter->runController()
#2 /srv/CodeIgniter/system/CodeIgniter.php(320): CodeIgniter\CodeIgniter->handleRequest()
#3 /srv/CodeIgniter/public/index.php(37): CodeIgniter\CodeIgniter->run()
#4 /srv/CodeIgniter/system/Commands/Server/rewrite.php(43): require_once('...')
#5 {main}
CRITICAL - 2022-12-29 13:47:18 --> Object of type App\Models\InstrumentoModel is not callable
#0 /srv/CodeIgniter/system/CodeIgniter.php(825): App\Controllers\Storage->store_assignment()
#1 /srv/CodeIgniter/system/CodeIgniter.php(412): CodeIgniter\CodeIgniter->runController()
#2 /srv/CodeIgniter/system/CodeIgniter.php(320): CodeIgniter\CodeIgniter->handleRequest()
#3 /srv/CodeIgniter/public/index.php(37): CodeIgniter\CodeIgniter->run()
#4 /srv/CodeIgniter/system/Commands/Server/rewrite.php(43): require_once('...')
#5 {main}
CRITICAL - 2022-12-29 14:05:40 --> Class "App\Controllers\AsignacionModel" not found
#0 /srv/CodeIgniter/system/CodeIgniter.php(825): App\Controllers\Storage->store_assignment()
#1 /srv/CodeIgniter/system/CodeIgniter.php(412): CodeIgniter\CodeIgniter->runController()
#2 /srv/CodeIgniter/system/CodeIgniter.php(320): CodeIgniter\CodeIgniter->handleRequest()
#3 /srv/CodeIgniter/public/index.php(37): CodeIgniter\CodeIgniter->run()
#4 /srv/CodeIgniter/system/Commands/Server/rewrite.php(43): require_once('...')
#5 {main}
CRITICAL - 2022-12-29 14:59:53 --> Undefined property: stdClass::$nombre
#0 /srv/CodeIgniter/app/Views/assignments.php(24): CodeIgniter\Debug\Exceptions->errorHandler()
#1 /srv/CodeIgniter/system/View/View.php(210): include('...')
#2 /srv/CodeIgniter/system/View/View.php(213): CodeIgniter\View\View->CodeIgniter\View\{closure}()
#3 /srv/CodeIgniter/system/Common.php(1089): CodeIgniter\View\View->render()
#4 /srv/CodeIgniter/app/Controllers/Home.php(82): view()
#5 /srv/CodeIgniter/system/CodeIgniter.php(825): App\Controllers\Home->listassignments()
#6 /srv/CodeIgniter/system/CodeIgniter.php(412): CodeIgniter\CodeIgniter->runController()
#7 /srv/CodeIgniter/system/CodeIgniter.php(320): CodeIgniter\CodeIgniter->handleRequest()
#8 /srv/CodeIgniter/public/index.php(37): CodeIgniter\CodeIgniter->run()
#9 /srv/CodeIgniter/system/Commands/Server/rewrite.php(43): require_once('...')
#10 {main}
ERROR - 2022-12-29 15:01:01 --> Unknown column 'id_estado_devolucion' in 'where clause'
CRITICAL - 2022-12-29 15:01:01 --> Unknown column 'id_estado_devolucion' in 'where clause'
#0 /srv/CodeIgniter/system/Database/MySQLi/Connection.php(292): mysqli->query()
#1 /srv/CodeIgniter/system/Database/BaseConnection.php(670): CodeIgniter\Database\MySQLi\Connection->execute()
#2 /srv/CodeIgniter/system/Database/BaseConnection.php(598): CodeIgniter\Database\BaseConnection->simpleQuery()
#3 /srv/CodeIgniter/app/Controllers/Home.php(77): CodeIgniter\Database\BaseConnection->query()
#4 /srv/CodeIgniter/system/CodeIgniter.php(825): App\Controllers\Home->listassignments()
#5 /srv/CodeIgniter/system/CodeIgniter.php(412): CodeIgniter\CodeIgniter->runController()
#6 /srv/CodeIgniter/system/CodeIgniter.php(320): CodeIgniter\CodeIgniter->handleRequest()
#7 /srv/CodeIgniter/public/index.php(37): CodeIgniter\CodeIgniter->run()
#8 /srv/CodeIgniter/system/Commands/Server/rewrite.php(43): require_once('...')
#9 {main}
CRITICAL - 2022-12-29 15:07:02 --> Undefined variable $empleado
#0 /srv/CodeIgniter/app/Views/assignments.php(6): CodeIgniter\Debug\Exceptions->errorHandler()
#1 /srv/CodeIgniter/system/View/View.php(210): include('...')
#2 /srv/CodeIgniter/system/View/View.php(213): CodeIgniter\View\View->CodeIgniter\View\{closure}()
#3 /srv/CodeIgniter/system/Common.php(1089): CodeIgniter\View\View->render()
#4 /srv/CodeIgniter/app/Controllers/Home.php(82): view()
#5 /srv/CodeIgniter/system/CodeIgniter.php(825): App\Controllers\Home->listassignments()
#6 /srv/CodeIgniter/system/CodeIgniter.php(412): CodeIgniter\CodeIgniter->runController()
#7 /srv/CodeIgniter/system/CodeIgniter.php(320): CodeIgniter\CodeIgniter->handleRequest()
#8 /srv/CodeIgniter/public/index.php(37): CodeIgniter\CodeIgniter->run()
#9 /srv/CodeIgniter/system/Commands/Server/rewrite.php(43): require_once('...')
#10 {main}
ERROR - 2022-12-29 15:16:35 --> You have an error in your SQL syntax; check the manual that corresponds to your MySQL server version for the right syntax to use near '<= 4' at line 1
CRITICAL - 2022-12-29 15:16:35 --> You have an error in your SQL syntax; check the manual that corresponds to your MySQL server version for the right syntax to use near '<= 4' at line 1
#0 /srv/CodeIgniter/system/Database/MySQLi/Connection.php(292): mysqli->query()
#1 /srv/CodeIgniter/system/Database/BaseConnection.php(670): CodeIgniter\Database\MySQLi\Connection->execute()
#2 /srv/CodeIgniter/system/Database/BaseConnection.php(598): CodeIgniter\Database\BaseConnection->simpleQuery()
#3 /srv/CodeIgniter/app/Controllers/Home.php(97): CodeIgniter\Database\BaseConnection->query()
#4 /srv/CodeIgniter/system/CodeIgniter.php(825): App\Controllers\Home->newassignment()
#5 /srv/CodeIgniter/system/CodeIgniter.php(412): CodeIgniter\CodeIgniter->runController()
#6 /srv/CodeIgniter/system/CodeIgniter.php(320): CodeIgniter\CodeIgniter->handleRequest()
#7 /srv/CodeIgniter/public/index.php(37): CodeIgniter\CodeIgniter->run()
#8 /srv/CodeIgniter/system/Commands/Server/rewrite.php(43): require_once('...')
#9 {main}
ERROR - 2022-12-29 15:16:47 --> You have an error in your SQL syntax; check the manual that corresponds to your MySQL server version for the right syntax to use near '< 4' at line 1
CRITICAL - 2022-12-29 15:16:47 --> You have an error in your SQL syntax; check the manual that corresponds to your MySQL server version for the right syntax to use near '< 4' at line 1
#0 /srv/CodeIgniter/system/Database/MySQLi/Connection.php(292): mysqli->query()
#1 /srv/CodeIgniter/system/Database/BaseConnection.php(670): CodeIgniter\Database\MySQLi\Connection->execute()
#2 /srv/CodeIgniter/system/Database/BaseConnection.php(598): CodeIgniter\Database\BaseConnection->simpleQuery()
#3 /srv/CodeIgniter/app/Controllers/Home.php(97): CodeIgniter\Database\BaseConnection->query()
#4 /srv/CodeIgniter/system/CodeIgniter.php(825): App\Controllers\Home->newassignment()
#5 /srv/CodeIgniter/system/CodeIgniter.php(412): CodeIgniter\CodeIgniter->runController()
#6 /srv/CodeIgniter/system/CodeIgniter.php(320): CodeIgniter\CodeIgniter->handleRequest()
#7 /srv/CodeIgniter/public/index.php(37): CodeIgniter\CodeIgniter->run()
#8 /srv/CodeIgniter/system/Commands/Server/rewrite.php(43): require_once('...')
#9 {main}
CRITICAL - 2022-12-29 16:32:25 --> Undefined variable $instrumento
#0 /srv/CodeIgniter/app/Views/new-assignment.php(24): CodeIgniter\Debug\Exceptions->errorHandler()
#1 /srv/CodeIgniter/system/View/View.php(210): include('...')
#2 /srv/CodeIgniter/system/View/View.php(213): CodeIgniter\View\View->CodeIgniter\View\{closure}()
#3 /srv/CodeIgniter/system/Common.php(1089): CodeIgniter\View\View->render()
#4 /srv/CodeIgniter/app/Controllers/Home.php(111): view()
#5 /srv/CodeIgniter/system/CodeIgniter.php(825): App\Controllers\Home->newassignment()
#6 /srv/CodeIgniter/system/CodeIgniter.php(412): CodeIgniter\CodeIgniter->runController()
#7 /srv/CodeIgniter/system/CodeIgniter.php(320): CodeIgniter\CodeIgniter->handleRequest()
#8 /srv/CodeIgniter/public/index.php(37): CodeIgniter\CodeIgniter->run()
#9 /srv/CodeIgniter/system/Commands/Server/rewrite.php(43): require_once('...')
#10 {main}
CRITICAL - 2022-12-29 16:33:07 --> Undefined variable $instrumento
#0 /srv/CodeIgniter/app/Views/new-assignment.php(24): CodeIgniter\Debug\Exceptions->errorHandler()
#1 /srv/CodeIgniter/system/View/View.php(210): include('...')
#2 /srv/CodeIgniter/system/View/View.php(213): CodeIgniter\View\View->CodeIgniter\View\{closure}()
#3 /srv/CodeIgniter/system/Common.php(1089): CodeIgniter\View\View->render()
#4 /srv/CodeIgniter/app/Controllers/Home.php(111): view()
#5 /srv/CodeIgniter/system/CodeIgniter.php(825): App\Controllers\Home->newassignment()
#6 /srv/CodeIgniter/system/CodeIgniter.php(412): CodeIgniter\CodeIgniter->runController()
#7 /srv/CodeIgniter/system/CodeIgniter.php(320): CodeIgniter\CodeIgniter->handleRequest()
#8 /srv/CodeIgniter/public/index.php(37): CodeIgniter\CodeIgniter->run()
#9 /srv/CodeIgniter/system/Commands/Server/rewrite.php(43): require_once('...')
#10 {main}
ERROR - 2022-12-29 16:35:23 --> You have an error in your SQL syntax; check the manual that corresponds to your MySQL server version for the right syntax to use near '?' at line 1
CRITICAL - 2022-12-29 16:35:23 --> You have an error in your SQL syntax; check the manual that corresponds to your MySQL server version for the right syntax to use near '?' at line 1
#0 /srv/CodeIgniter/system/Database/MySQLi/Connection.php(292): mysqli->query()
#1 /srv/CodeIgniter/system/Database/BaseConnection.php(670): CodeIgniter\Database\MySQLi\Connection->execute()
#2 /srv/CodeIgniter/system/Database/BaseConnection.php(598): CodeIgniter\Database\BaseConnection->simpleQuery()
#3 /srv/CodeIgniter/app/Controllers/Home.php(93): CodeIgniter\Database\BaseConnection->query()
#4 /srv/CodeIgniter/system/CodeIgniter.php(825): App\Controllers\Home->newassignment()
#5 /srv/CodeIgniter/system/CodeIgniter.php(412): CodeIgniter\CodeIgniter->runController()
#6 /srv/CodeIgniter/system/CodeIgniter.php(320): CodeIgniter\CodeIgniter->handleRequest()
#7 /srv/CodeIgniter/public/index.php(37): CodeIgniter\CodeIgniter->run()
#8 /srv/CodeIgniter/system/Commands/Server/rewrite.php(43): require_once('...')
#9 {main}
ERROR - 2022-12-29 16:36:00 --> Table 'impresoras.instrumento' doesn't exist
CRITICAL - 2022-12-29 16:36:00 --> Table 'impresoras.instrumento' doesn't exist
#0 /srv/CodeIgniter/system/Database/MySQLi/Connection.php(292): mysqli->query()
#1 /srv/CodeIgniter/system/Database/BaseConnection.php(670): CodeIgniter\Database\MySQLi\Connection->execute()
#2 /srv/CodeIgniter/system/Database/BaseConnection.php(598): CodeIgniter\Database\BaseConnection->simpleQuery()
#3 /srv/CodeIgniter/app/Controllers/Home.php(93): CodeIgniter\Database\BaseConnection->query()
#4 /srv/CodeIgniter/system/CodeIgniter.php(825): App\Controllers\Home->newassignment()
#5 /srv/CodeIgniter/system/CodeIgniter.php(412): CodeIgniter\CodeIgniter->runController()
#6 /srv/CodeIgniter/system/CodeIgniter.php(320): CodeIgniter\CodeIgniter->handleRequest()
#7 /srv/CodeIgniter/public/index.php(37): CodeIgniter\CodeIgniter->run()
#8 /srv/CodeIgniter/system/Commands/Server/rewrite.php(43): require_once('...')
#9 {main}
CRITICAL - 2022-12-29 16:36:32 --> Attempt to read property "instrumento" on array
#0 /srv/CodeIgniter/app/Views/new-assignment.php(24): CodeIgniter\Debug\Exceptions->errorHandler()
#1 /srv/CodeIgniter/system/View/View.php(210): include('...')
#2 /srv/CodeIgniter/system/View/View.php(213): CodeIgniter\View\View->CodeIgniter\View\{closure}()
#3 /srv/CodeIgniter/system/Common.php(1089): CodeIgniter\View\View->render()
#4 /srv/CodeIgniter/app/Controllers/Home.php(111): view()
#5 /srv/CodeIgniter/system/CodeIgniter.php(825): App\Controllers\Home->newassignment()
#6 /srv/CodeIgniter/system/CodeIgniter.php(412): CodeIgniter\CodeIgniter->runController()
#7 /srv/CodeIgniter/system/CodeIgniter.php(320): CodeIgniter\CodeIgniter->handleRequest()
#8 /srv/CodeIgniter/public/index.php(37): CodeIgniter\CodeIgniter->run()
#9 /srv/CodeIgniter/system/Commands/Server/rewrite.php(43): require_once('...')
#10 {main}
CRITICAL - 2022-12-29 16:37:12 --> Attempt to read property "id" on array
#0 /srv/CodeIgniter/app/Views/new-assignment.php(24): CodeIgniter\Debug\Exceptions->errorHandler()
#1 /srv/CodeIgniter/system/View/View.php(210): include('...')
#2 /srv/CodeIgniter/system/View/View.php(213): CodeIgniter\View\View->CodeIgniter\View\{closure}()
#3 /srv/CodeIgniter/system/Common.php(1089): CodeIgniter\View\View->render()
#4 /srv/CodeIgniter/app/Controllers/Home.php(111): view()
#5 /srv/CodeIgniter/system/CodeIgniter.php(825): App\Controllers\Home->newassignment()
#6 /srv/CodeIgniter/system/CodeIgniter.php(412): CodeIgniter\CodeIgniter->runController()
#7 /srv/CodeIgniter/system/CodeIgniter.php(320): CodeIgniter\CodeIgniter->handleRequest()
#8 /srv/CodeIgniter/public/index.php(37): CodeIgniter\CodeIgniter->run()
#9 /srv/CodeIgniter/system/Commands/Server/rewrite.php(43): require_once('...')
#10 {main}
CRITICAL - 2022-12-29 16:37:53 --> Attempt to read property "id" on array
#0 /srv/CodeIgniter/app/Views/new-assignment.php(24): CodeIgniter\Debug\Exceptions->errorHandler()
#1 /srv/CodeIgniter/system/View/View.php(210): include('...')
#2 /srv/CodeIgniter/system/View/View.php(213): CodeIgniter\View\View->CodeIgniter\View\{closure}()
#3 /srv/CodeIgniter/system/Common.php(1089): CodeIgniter\View\View->render()
#4 /srv/CodeIgniter/app/Controllers/Home.php(111): view()
#5 /srv/CodeIgniter/system/CodeIgniter.php(825): App\Controllers\Home->newassignment()
#6 /srv/CodeIgniter/system/CodeIgniter.php(412): CodeIgniter\CodeIgniter->runController()
#7 /srv/CodeIgniter/system/CodeIgniter.php(320): CodeIgniter\CodeIgniter->handleRequest()
#8 /srv/CodeIgniter/public/index.php(37): CodeIgniter\CodeIgniter->run()
#9 /srv/CodeIgniter/system/Commands/Server/rewrite.php(43): require_once('...')
#10 {main}
CRITICAL - 2022-12-29 17:21:00 --> Undefined variable $query
#0 /srv/CodeIgniter/app/Controllers/Home.php(95): CodeIgniter\Debug\Exceptions->errorHandler()
#1 /srv/CodeIgniter/system/CodeIgniter.php(825): App\Controllers\Home->newassignment()
#2 /srv/CodeIgniter/system/CodeIgniter.php(412): CodeIgniter\CodeIgniter->runController()
#3 /srv/CodeIgniter/system/CodeIgniter.php(320): CodeIgniter\CodeIgniter->handleRequest()
#4 /srv/CodeIgniter/public/index.php(37): CodeIgniter\CodeIgniter->run()
#5 /srv/CodeIgniter/system/Commands/Server/rewrite.php(43): require_once('...')
#6 {main}
CRITICAL - 2022-12-29 17:23:16 --> Undefined variable $query
#0 /srv/CodeIgniter/app/Controllers/Home.php(95): CodeIgniter\Debug\Exceptions->errorHandler()
#1 /srv/CodeIgniter/system/CodeIgniter.php(825): App\Controllers\Home->newassignment()
#2 /srv/CodeIgniter/system/CodeIgniter.php(412): CodeIgniter\CodeIgniter->runController()
#3 /srv/CodeIgniter/system/CodeIgniter.php(320): CodeIgniter\CodeIgniter->handleRequest()
#4 /srv/CodeIgniter/public/index.php(37): CodeIgniter\CodeIgniter->run()
#5 /srv/CodeIgniter/system/Commands/Server/rewrite.php(43): require_once('...')
#6 {main}
ERROR - 2022-12-29 17:23:34 --> Unknown column 'no_serie' in 'where clause'
CRITICAL - 2022-12-29 17:23:34 --> Unknown column 'no_serie' in 'where clause'
#0 /srv/CodeIgniter/system/Database/MySQLi/Connection.php(292): mysqli->query()
#1 /srv/CodeIgniter/system/Database/BaseConnection.php(670): CodeIgniter\Database\MySQLi\Connection->execute()
#2 /srv/CodeIgniter/system/Database/BaseConnection.php(598): CodeIgniter\Database\BaseConnection->simpleQuery()
#3 /srv/CodeIgniter/app/Controllers/Home.php(103): CodeIgniter\Database\BaseConnection->query()
#4 /srv/CodeIgniter/system/CodeIgniter.php(825): App\Controllers\Home->newassignment()
#5 /srv/CodeIgniter/system/CodeIgniter.php(412): CodeIgniter\CodeIgniter->runController()
#6 /srv/CodeIgniter/system/CodeIgniter.php(320): CodeIgniter\CodeIgniter->handleRequest()
#7 /srv/CodeIgniter/public/index.php(37): CodeIgniter\CodeIgniter->run()
#8 /srv/CodeIgniter/system/Commands/Server/rewrite.php(43): require_once('...')
#9 {main}
CRITICAL - 2022-12-29 17:26:34 --> Attempt to read property "no_serie" on array
#0 /srv/CodeIgniter/app/Views/new-assignment.php(13): CodeIgniter\Debug\Exceptions->errorHandler()
#1 /srv/CodeIgniter/system/View/View.php(210): include('...')
#2 /srv/CodeIgniter/system/View/View.php(213): CodeIgniter\View\View->CodeIgniter\View\{closure}()
#3 /srv/CodeIgniter/system/Common.php(1089): CodeIgniter\View\View->render()
#4 /srv/CodeIgniter/app/Controllers/Home.php(129): view()
#5 /srv/CodeIgniter/system/CodeIgniter.php(825): App\Controllers\Home->newassignment()
#6 /srv/CodeIgniter/system/CodeIgniter.php(412): CodeIgniter\CodeIgniter->runController()
#7 /srv/CodeIgniter/system/CodeIgniter.php(320): CodeIgniter\CodeIgniter->handleRequest()
#8 /srv/CodeIgniter/public/index.php(37): CodeIgniter\CodeIgniter->run()
#9 /srv/CodeIgniter/system/Commands/Server/rewrite.php(43): require_once('...')
#10 {main}
CRITICAL - 2022-12-29 17:27:53 --> Attempt to read property "no_serie" on array
#0 /srv/CodeIgniter/app/Views/new-assignment.php(13): CodeIgniter\Debug\Exceptions->errorHandler()
#1 /srv/CodeIgniter/system/View/View.php(210): include('...')
#2 /srv/CodeIgniter/system/View/View.php(213): CodeIgniter\View\View->CodeIgniter\View\{closure}()
#3 /srv/CodeIgniter/system/Common.php(1089): CodeIgniter\View\View->render()
#4 /srv/CodeIgniter/app/Controllers/Home.php(126): view()
#5 /srv/CodeIgniter/system/CodeIgniter.php(825): App\Controllers\Home->newassignment()
#6 /srv/CodeIgniter/system/CodeIgniter.php(412): CodeIgniter\CodeIgniter->runController()
#7 /srv/CodeIgniter/system/CodeIgniter.php(320): CodeIgniter\CodeIgniter->handleRequest()
#8 /srv/CodeIgniter/public/index.php(37): CodeIgniter\CodeIgniter->run()
#9 /srv/CodeIgniter/system/Commands/Server/rewrite.php(43): require_once('...')
#10 {main}
