CRITICAL - 2023-01-09 08:49:50 --> Call to undefined function form_imput()
#0 /var/www/tic.soporte.com/system/View/View.php(210): include()
#1 /var/www/tic.soporte.com/system/View/View.php(213): CodeIgniter\View\View->CodeIgniter\View\{closure}()
#2 /var/www/tic.soporte.com/system/Common.php(1089): CodeIgniter\View\View->render()
#3 /var/www/tic.soporte.com/app/Controllers/Home.php(185): view()
#4 /var/www/tic.soporte.com/system/CodeIgniter.php(825): App\Controllers\Home->editemployee()
#5 /var/www/tic.soporte.com/system/CodeIgniter.php(412): CodeIgniter\CodeIgniter->runController()
#6 /var/www/tic.soporte.com/system/CodeIgniter.php(320): CodeIgniter\CodeIgniter->handleRequest()
#7 /var/www/tic.soporte.com/public/index.php(37): CodeIgniter\CodeIgniter->run()
#8 {main}
CRITICAL - 2023-01-09 10:40:55 --> Undefined array key "id"
#0 /var/www/tic.soporte.com/app/Controllers/Update.php(67): CodeIgniter\Debug\Exceptions->errorHandler()
#1 /var/www/tic.soporte.com/system/CodeIgniter.php(825): App\Controllers\Update->edit_employee()
#2 /var/www/tic.soporte.com/system/CodeIgniter.php(412): CodeIgniter\CodeIgniter->runController()
#3 /var/www/tic.soporte.com/system/CodeIgniter.php(320): CodeIgniter\CodeIgniter->handleRequest()
#4 /var/www/tic.soporte.com/public/index.php(37): CodeIgniter\CodeIgniter->run()
#5 {main}
CRITICAL - 2023-01-09 10:41:07 --> Undefined array key "id"
#0 /var/www/tic.soporte.com/app/Controllers/Update.php(67): CodeIgniter\Debug\Exceptions->errorHandler()
#1 /var/www/tic.soporte.com/system/CodeIgniter.php(825): App\Controllers\Update->edit_employee()
#2 /var/www/tic.soporte.com/system/CodeIgniter.php(412): CodeIgniter\CodeIgniter->runController()
#3 /var/www/tic.soporte.com/system/CodeIgniter.php(320): CodeIgniter\CodeIgniter->handleRequest()
#4 /var/www/tic.soporte.com/public/index.php(37): CodeIgniter\CodeIgniter->run()
#5 {main}
CRITICAL - 2023-01-09 15:49:06 --> Call to undefined function form_input()
#0 /var/www/tic.soporte.com/system/View/View.php(210): include()
#1 /var/www/tic.soporte.com/system/View/View.php(213): CodeIgniter\View\View->CodeIgniter\View\{closure}()
#2 /var/www/tic.soporte.com/system/Common.php(1089): CodeIgniter\View\View->render()
#3 /var/www/tic.soporte.com/app/Controllers/Home.php(184): view()
#4 /var/www/tic.soporte.com/system/CodeIgniter.php(825): App\Controllers\Home->editemployee()
#5 /var/www/tic.soporte.com/system/CodeIgniter.php(412): CodeIgniter\CodeIgniter->runController()
#6 /var/www/tic.soporte.com/system/CodeIgniter.php(320): CodeIgniter\CodeIgniter->handleRequest()
#7 /var/www/tic.soporte.com/public/index.php(37): CodeIgniter\CodeIgniter->run()
#8 {main}
CRITICAL - 2023-01-09 15:49:07 --> Call to undefined function form_input()
#0 /var/www/tic.soporte.com/system/View/View.php(210): include()
#1 /var/www/tic.soporte.com/system/View/View.php(213): CodeIgniter\View\View->CodeIgniter\View\{closure}()
#2 /var/www/tic.soporte.com/system/Common.php(1089): CodeIgniter\View\View->render()
#3 /var/www/tic.soporte.com/app/Controllers/Home.php(184): view()
#4 /var/www/tic.soporte.com/system/CodeIgniter.php(825): App\Controllers\Home->editemployee()
#5 /var/www/tic.soporte.com/system/CodeIgniter.php(412): CodeIgniter\CodeIgniter->runController()
#6 /var/www/tic.soporte.com/system/CodeIgniter.php(320): CodeIgniter\CodeIgniter->handleRequest()
#7 /var/www/tic.soporte.com/public/index.php(37): CodeIgniter\CodeIgniter->run()
#8 {main}
CRITICAL - 2023-01-09 17:21:08 --> Undefined variable $orders
#0 /var/www/tic.soporte.com/app/Views/orders.php(35): CodeIgniter\Debug\Exceptions->errorHandler()
#1 /var/www/tic.soporte.com/system/View/View.php(210): include('...')
#2 /var/www/tic.soporte.com/system/View/View.php(213): CodeIgniter\View\View->CodeIgniter\View\{closure}()
#3 /var/www/tic.soporte.com/system/Common.php(1089): CodeIgniter\View\View->render()
#4 /var/www/tic.soporte.com/app/Controllers/Home.php(192): view()
#5 /var/www/tic.soporte.com/system/CodeIgniter.php(825): App\Controllers\Home->orders()
#6 /var/www/tic.soporte.com/system/CodeIgniter.php(412): CodeIgniter\CodeIgniter->runController()
#7 /var/www/tic.soporte.com/system/CodeIgniter.php(320): CodeIgniter\CodeIgniter->handleRequest()
#8 /var/www/tic.soporte.com/public/index.php(37): CodeIgniter\CodeIgniter->run()
#9 {main}
